Message: Float_Add MaxHeat(System.Int32) is not of type System.Single
StackTrace:   at BattleTech.StatCollection.Float_Add (BattleTech.Statistic stat, Single val) [0x00000] in <filename unknown>:0 
  at BattleTech.StatCollection.PerformOperation (BattleTech.Statistic stat, StatOperation op, BattleTech.Variant modValue, Int32 modIndex) [0x00000] in <filename unknown>:0 
  at InternalHeaters.Utility.PerformOperation (BattleTech.StatCollection collection, BattleTech.Statistic statistic, BattleTech.StatisticEffectData data) [0x00000] in <filename unknown>:0 
  at InternalHeaters.MechStatisticsRulesCalculateHeatEfficiencyStatPatch.Prefix (BattleTech.MechDef mechDef, System.Single& currentValue, System.Single& maxValue) [0x00000] in <filename unknown>:0 
Date: 6/30/2018 3:36:38 PM
--------------------------------------------------
Message: Float_Add MaxHeat(System.Int32) is not of type System.Single
StackTrace:   at BattleTech.StatCollection.Float_Add (BattleTech.Statistic stat, Single val) [0x00000] in <filename unknown>:0 
  at BattleTech.StatCollection.PerformOperation (BattleTech.Statistic stat, StatOperation op, BattleTech.Variant modValue, Int32 modIndex) [0x00000] in <filename unknown>:0 
  at InternalHeaters.Utility.PerformOperation (BattleTech.StatCollection collection, BattleTech.Statistic statistic, BattleTech.StatisticEffectData data) [0x00000] in <filename unknown>:0 
  at InternalHeaters.MechStatisticsRulesCalculateHeatEfficiencyStatPatch.Prefix (BattleTech.MechDef mechDef, System.Single& currentValue, System.Single& maxValue) [0x00000] in <filename unknown>:0 
Date: 6/30/2018 3:36:38 PM
--------------------------------------------------
Message: Float_Add MaxHeat(System.Int32) is not of type System.Single
StackTrace:   at BattleTech.StatCollection.Float_Add (BattleTech.Statistic stat, Single val) [0x00000] in <filename unknown>:0 
  at BattleTech.StatCollection.PerformOperation (BattleTech.Statistic stat, StatOperation op, BattleTech.Variant modValue, Int32 modIndex) [0x00000] in <filename unknown>:0 
  at InternalHeaters.Utility.PerformOperation (BattleTech.StatCollection collection, BattleTech.Statistic statistic, BattleTech.StatisticEffectData data) [0x00000] in <filename unknown>:0 
  at InternalHeaters.MechStatisticsRulesCalculateHeatEfficiencyStatPatch.Prefix (BattleTech.MechDef mechDef, System.Single& currentValue, System.Single& maxValue) [0x00000] in <filename unknown>:0 
Date: 6/30/2018 3:36:40 PM
--------------------------------------------------
Message: Float_Add MaxHeat(System.Int32) is not of type System.Single
StackTrace:   at BattleTech.StatCollection.Float_Add (BattleTech.Statistic stat, Single val) [0x00000] in <filename unknown>:0 
  at BattleTech.StatCollection.PerformOperation (BattleTech.Statistic stat, StatOperation op, BattleTech.Variant modValue, Int32 modIndex) [0x00000] in <filename unknown>:0 
  at InternalHeaters.Utility.PerformOperation (BattleTech.StatCollection collection, BattleTech.Statistic statistic, BattleTech.StatisticEffectData data) [0x00000] in <filename unknown>:0 
  at InternalHeaters.MechStatisticsRulesCalculateHeatEfficiencyStatPatch.Prefix (BattleTech.MechDef mechDef, System.Single& currentValue, System.Single& maxValue) [0x00000] in <filename unknown>:0 
Date: 6/30/2018 4:19:51 PM
--------------------------------------------------
Message: Float_Add MaxHeat(System.Int32) is not of type System.Single
StackTrace:   at BattleTech.StatCollection.Float_Add (BattleTech.Statistic stat, Single val) [0x00000] in <filename unknown>:0 
  at BattleTech.StatCollection.PerformOperation (BattleTech.Statistic stat, StatOperation op, BattleTech.Variant modValue, Int32 modIndex) [0x00000] in <filename unknown>:0 
  at InternalHeaters.Utility.PerformOperation (BattleTech.StatCollection collection, BattleTech.Statistic statistic, BattleTech.StatisticEffectData data) [0x00000] in <filename unknown>:0 
  at InternalHeaters.MechStatisticsRulesCalculateHeatEfficiencyStatPatch.Prefix (BattleTech.MechDef mechDef, System.Single& currentValue, System.Single& maxValue) [0x00000] in <filename unknown>:0 
Date: 6/30/2018 4:19:51 PM
--------------------------------------------------
Message: Float_Add MaxHeat(System.Int32) is not of type System.Single
StackTrace:   at BattleTech.StatCollection.Float_Add (BattleTech.Statistic stat, Single val) [0x00000] in <filename unknown>:0 
  at BattleTech.StatCollection.PerformOperation (BattleTech.Statistic stat, StatOperation op, BattleTech.Variant modValue, Int32 modIndex) [0x00000] in <filename unknown>:0 
  at InternalHeaters.Utility.PerformOperation (BattleTech.StatCollection collection, BattleTech.Statistic statistic, BattleTech.StatisticEffectData data) [0x00000] in <filename unknown>:0 
  at InternalHeaters.MechStatisticsRulesCalculateHeatEfficiencyStatPatch.Prefix (BattleTech.MechDef mechDef, System.Single& currentValue, System.Single& maxValue) [0x00000] in <filename unknown>:0 
Date: 6/30/2018 4:42:20 PM
--------------------------------------------------
Message: Float_Add MaxHeat(System.Int32) is not of type System.Single
StackTrace:   at BattleTech.StatCollection.Float_Add (BattleTech.Statistic stat, Single val) [0x00000] in <filename unknown>:0 
  at BattleTech.StatCollection.PerformOperation (BattleTech.Statistic stat, StatOperation op, BattleTech.Variant modValue, Int32 modIndex) [0x00000] in <filename unknown>:0 
  at InternalHeaters.Utility.PerformOperation (BattleTech.StatCollection collection, BattleTech.Statistic statistic, BattleTech.StatisticEffectData data) [0x00000] in <filename unknown>:0 
  at InternalHeaters.MechStatisticsRulesCalculateHeatEfficiencyStatPatch.Prefix (BattleTech.MechDef mechDef, System.Single& currentValue, System.Single& maxValue) [0x00000] in <filename unknown>:0 
Date: 6/30/2018 4:42:20 PM
--------------------------------------------------
Message: Float_Add MaxHeat(System.Int32) is not of type System.Single
StackTrace:   at BattleTech.StatCollection.Float_Add (BattleTech.Statistic stat, Single val) [0x00000] in <filename unknown>:0 
  at BattleTech.StatCollection.PerformOperation (BattleTech.Statistic stat, StatOperation op, BattleTech.Variant modValue, Int32 modIndex) [0x00000] in <filename unknown>:0 
  at InternalHeaters.Utility.PerformOperation (BattleTech.StatCollection collection, BattleTech.Statistic statistic, BattleTech.StatisticEffectData data) [0x00000] in <filename unknown>:0 
  at InternalHeaters.MechStatisticsRulesCalculateHeatEfficiencyStatPatch.Prefix (BattleTech.MechDef mechDef, System.Single& currentValue, System.Single& maxValue) [0x00000] in <filename unknown>:0 
Date: 6/30/2018 4:42:20 PM
--------------------------------------------------
Message: Float_Add MaxHeat(System.Int32) is not of type System.Single
StackTrace:   at BattleTech.StatCollection.Float_Add (BattleTech.Statistic stat, Single val) [0x00000] in <filename unknown>:0 
  at BattleTech.StatCollection.PerformOperation (BattleTech.Statistic stat, StatOperation op, BattleTech.Variant modValue, Int32 modIndex) [0x00000] in <filename unknown>:0 
  at InternalHeaters.Utility.PerformOperation (BattleTech.StatCollection collection, BattleTech.Statistic statistic, BattleTech.StatisticEffectData data) [0x00000] in <filename unknown>:0 
  at InternalHeaters.MechStatisticsRulesCalculateHeatEfficiencyStatPatch.Prefix (BattleTech.MechDef mechDef, System.Single& currentValue, System.Single& maxValue) [0x00000] in <filename unknown>:0 
Date: 6/30/2018 4:48:32 PM
--------------------------------------------------
Message: Float_Add MaxHeat(System.Int32) is not of type System.Single
StackTrace:   at BattleTech.StatCollection.Float_Add (BattleTech.Statistic stat, Single val) [0x00000] in <filename unknown>:0 
  at BattleTech.StatCollection.PerformOperation (BattleTech.Statistic stat, StatOperation op, BattleTech.Variant modValue, Int32 modIndex) [0x00000] in <filename unknown>:0 
  at InternalHeaters.Utility.PerformOperation (BattleTech.StatCollection collection, BattleTech.Statistic statistic, BattleTech.StatisticEffectData data) [0x00000] in <filename unknown>:0 
  at InternalHeaters.MechStatisticsRulesCalculateHeatEfficiencyStatPatch.Prefix (BattleTech.MechDef mechDef, System.Single& currentValue, System.Single& maxValue) [0x00000] in <filename unknown>:0 
Date: 6/30/2018 4:48:32 PM
--------------------------------------------------
Message: Float_Add MaxHeat(System.Int32) is not of type System.Single
StackTrace:   at BattleTech.StatCollection.Float_Add (BattleTech.Statistic stat, Single val) [0x00000] in <filename unknown>:0 
  at BattleTech.StatCollection.PerformOperation (BattleTech.Statistic stat, StatOperation op, BattleTech.Variant modValue, Int32 modIndex) [0x00000] in <filename unknown>:0 
  at InternalHeaters.Utility.PerformOperation (BattleTech.StatCollection collection, BattleTech.Statistic statistic, BattleTech.StatisticEffectData data) [0x00000] in <filename unknown>:0 
  at InternalHeaters.MechStatisticsRulesCalculateHeatEfficiencyStatPatch.Prefix (BattleTech.MechDef mechDef, System.Single& currentValue, System.Single& maxValue) [0x00000] in <filename unknown>:0 
Date: 6/30/2018 4:48:33 PM
--------------------------------------------------
Message: Float_Add MaxHeat(System.Int32) is not of type System.Single
StackTrace:   at BattleTech.StatCollection.Float_Add (BattleTech.Statistic stat, Single val) [0x00000] in <filename unknown>:0 
  at BattleTech.StatCollection.PerformOperation (BattleTech.Statistic stat, StatOperation op, BattleTech.Variant modValue, Int32 modIndex) [0x00000] in <filename unknown>:0 
  at InternalHeaters.Utility.PerformOperation (BattleTech.StatCollection collection, BattleTech.Statistic statistic, BattleTech.StatisticEffectData data) [0x00000] in <filename unknown>:0 
  at InternalHeaters.MechStatisticsRulesCalculateHeatEfficiencyStatPatch.Prefix (BattleTech.MechDef mechDef, System.Single& currentValue, System.Single& maxValue) [0x00000] in <filename unknown>:0 
Date: 6/30/2018 4:52:50 PM
--------------------------------------------------
Message: Float_Add MaxHeat(System.Int32) is not of type System.Single
StackTrace:   at BattleTech.StatCollection.Float_Add (BattleTech.Statistic stat, Single val) [0x00000] in <filename unknown>:0 
  at BattleTech.StatCollection.PerformOperation (BattleTech.Statistic stat, StatOperation op, BattleTech.Variant modValue, Int32 modIndex) [0x00000] in <filename unknown>:0 
  at InternalHeaters.Utility.PerformOperation (BattleTech.StatCollection collection, BattleTech.Statistic statistic, BattleTech.StatisticEffectData data) [0x00000] in <filename unknown>:0 
  at InternalHeaters.MechStatisticsRulesCalculateHeatEfficiencyStatPatch.Prefix (BattleTech.MechDef mechDef, System.Single& currentValue, System.Single& maxValue) [0x00000] in <filename unknown>:0 
Date: 6/30/2018 4:52:50 PM
--------------------------------------------------
