Clearing Default Bindings for enter Key
Date: 6/21/2018 3:59:10 AM
--------------------------------------------------
Setting enter and others key as defaults for enter Key
Date: 6/21/2018 3:59:10 AM
--------------------------------------------------
Success setting enter and others key as defaults for enter Key
Date: 6/21/2018 3:59:10 AM
--------------------------------------------------
Clearing Default Bindings for enter Key
Date: 6/21/2018 4:30:36 AM
--------------------------------------------------
Setting enter and others key as defaults for enter Key
Date: 6/21/2018 4:30:36 AM
--------------------------------------------------
Success setting enter and others key as defaults for enter Key
Date: 6/21/2018 4:30:36 AM
--------------------------------------------------
Clearing Default Bindings for enter Key
Date: 6/23/2018 2:17:37 AM
--------------------------------------------------
Setting enter and others key as defaults for enter Key
Date: 6/23/2018 2:17:37 AM
--------------------------------------------------
Success setting enter and others key as defaults for enter Key
Date: 6/23/2018 2:17:37 AM
--------------------------------------------------
Clearing Default Bindings for enter Key
Date: 6/23/2018 2:49:17 AM
--------------------------------------------------
Setting enter and others key as defaults for enter Key
Date: 6/23/2018 2:49:17 AM
--------------------------------------------------
Success setting enter and others key as defaults for enter Key
Date: 6/23/2018 2:49:17 AM
--------------------------------------------------
Clearing Default Bindings for enter Key
Date: 6/23/2018 3:44:47 AM
--------------------------------------------------
Setting enter and others key as defaults for enter Key
Date: 6/23/2018 3:44:47 AM
--------------------------------------------------
Success setting enter and others key as defaults for enter Key
Date: 6/23/2018 3:44:47 AM
--------------------------------------------------
Clearing Default Bindings for enter Key
Date: 6/23/2018 4:00:52 AM
--------------------------------------------------
Setting enter and others key as defaults for enter Key
Date: 6/23/2018 4:00:52 AM
--------------------------------------------------
Success setting enter and others key as defaults for enter Key
Date: 6/23/2018 4:00:52 AM
--------------------------------------------------
Clearing Default Bindings for enter Key
Date: 6/23/2018 4:39:37 AM
--------------------------------------------------
Setting enter and others key as defaults for enter Key
Date: 6/23/2018 4:39:37 AM
--------------------------------------------------
Success setting enter and others key as defaults for enter Key
Date: 6/23/2018 4:39:37 AM
--------------------------------------------------
Clearing Default Bindings for enter Key
Date: 6/23/2018 4:58:06 AM
--------------------------------------------------
Setting enter and others key as defaults for enter Key
Date: 6/23/2018 4:58:06 AM
--------------------------------------------------
Success setting enter and others key as defaults for enter Key
Date: 6/23/2018 4:58:06 AM
--------------------------------------------------
Clearing Default Bindings for enter Key
Date: 6/23/2018 5:00:43 AM
--------------------------------------------------
Setting enter and others key as defaults for enter Key
Date: 6/23/2018 5:00:43 AM
--------------------------------------------------
Success setting enter and others key as defaults for enter Key
Date: 6/23/2018 5:00:43 AM
--------------------------------------------------
Clearing Default Bindings for enter Key
Date: 6/23/2018 5:22:30 AM
--------------------------------------------------
Setting enter and others key as defaults for enter Key
Date: 6/23/2018 5:22:30 AM
--------------------------------------------------
Success setting enter and others key as defaults for enter Key
Date: 6/23/2018 5:22:30 AM
--------------------------------------------------
Clearing Default Bindings for enter Key
Date: 6/23/2018 5:31:37 AM
--------------------------------------------------
Setting enter and others key as defaults for enter Key
Date: 6/23/2018 5:31:37 AM
--------------------------------------------------
Success setting enter and others key as defaults for enter Key
Date: 6/23/2018 5:31:37 AM
--------------------------------------------------
Clearing Default Bindings for enter Key
Date: 6/23/2018 5:36:08 AM
--------------------------------------------------
Setting enter and others key as defaults for enter Key
Date: 6/23/2018 5:36:08 AM
--------------------------------------------------
Success setting enter and others key as defaults for enter Key
Date: 6/23/2018 5:36:08 AM
--------------------------------------------------
Clearing Default Bindings for enter Key
Date: 6/23/2018 5:46:25 AM
--------------------------------------------------
Setting enter and others key as defaults for enter Key
Date: 6/23/2018 5:46:25 AM
--------------------------------------------------
Success setting enter and others key as defaults for enter Key
Date: 6/23/2018 5:46:25 AM
--------------------------------------------------
Clearing Default Bindings for enter Key
Date: 6/23/2018 5:59:53 AM
--------------------------------------------------
Setting enter and others key as defaults for enter Key
Date: 6/23/2018 5:59:53 AM
--------------------------------------------------
Success setting enter and others key as defaults for enter Key
Date: 6/23/2018 5:59:53 AM
--------------------------------------------------
Clearing Default Bindings for enter Key
Date: 6/23/2018 6:08:09 AM
--------------------------------------------------
Setting enter and others key as defaults for enter Key
Date: 6/23/2018 6:08:09 AM
--------------------------------------------------
Success setting enter and others key as defaults for enter Key
Date: 6/23/2018 6:08:09 AM
--------------------------------------------------
Clearing Default Bindings for enter Key
Date: 6/23/2018 6:20:23 AM
--------------------------------------------------
Setting enter and others key as defaults for enter Key
Date: 6/23/2018 6:20:23 AM
--------------------------------------------------
Success setting enter and others key as defaults for enter Key
Date: 6/23/2018 6:20:23 AM
--------------------------------------------------
Clearing Default Bindings for enter Key
Date: 6/23/2018 6:38:22 AM
--------------------------------------------------
Setting enter and others key as defaults for enter Key
Date: 6/23/2018 6:38:22 AM
--------------------------------------------------
Success setting enter and others key as defaults for enter Key
Date: 6/23/2018 6:38:22 AM
--------------------------------------------------
Clearing Default Bindings for enter Key
Date: 6/23/2018 6:44:38 AM
--------------------------------------------------
Setting enter and others key as defaults for enter Key
Date: 6/23/2018 6:44:38 AM
--------------------------------------------------
Success setting enter and others key as defaults for enter Key
Date: 6/23/2018 6:44:38 AM
--------------------------------------------------
Clearing Default Bindings for enter Key
Date: 6/23/2018 7:16:11 AM
--------------------------------------------------
Setting enter and others key as defaults for enter Key
Date: 6/23/2018 7:16:11 AM
--------------------------------------------------
Success setting enter and others key as defaults for enter Key
Date: 6/23/2018 7:16:11 AM
--------------------------------------------------
Clearing Default Bindings for enter Key
Date: 6/23/2018 7:21:56 AM
--------------------------------------------------
Setting enter and others key as defaults for enter Key
Date: 6/23/2018 7:21:56 AM
--------------------------------------------------
Success setting enter and others key as defaults for enter Key
Date: 6/23/2018 7:21:56 AM
--------------------------------------------------
Clearing Default Bindings for enter Key
Date: 6/23/2018 7:37:42 AM
--------------------------------------------------
Setting enter and others key as defaults for enter Key
Date: 6/23/2018 7:37:42 AM
--------------------------------------------------
Success setting enter and others key as defaults for enter Key
Date: 6/23/2018 7:37:42 AM
--------------------------------------------------
Clearing Default Bindings for enter Key
Date: 6/23/2018 7:49:40 AM
--------------------------------------------------
Setting enter and others key as defaults for enter Key
Date: 6/23/2018 7:49:40 AM
--------------------------------------------------
Success setting enter and others key as defaults for enter Key
Date: 6/23/2018 7:49:40 AM
--------------------------------------------------
Clearing Default Bindings for enter Key
Date: 6/23/2018 8:02:52 AM
--------------------------------------------------
Setting enter and others key as defaults for enter Key
Date: 6/23/2018 8:02:52 AM
--------------------------------------------------
Success setting enter and others key as defaults for enter Key
Date: 6/23/2018 8:02:52 AM
--------------------------------------------------
Clearing Default Bindings for enter Key
Date: 6/23/2018 8:41:19 AM
--------------------------------------------------
Setting enter and others key as defaults for enter Key
Date: 6/23/2018 8:41:19 AM
--------------------------------------------------
Success setting enter and others key as defaults for enter Key
Date: 6/23/2018 8:41:19 AM
--------------------------------------------------
buysellbutton: False
selectedController: False
Date: 6/23/2018 8:55:58 AM
--------------------------------------------------
shift held: False
ctrl held: False
ctrlshift held: False
Date: 6/23/2018 8:56:05 AM
--------------------------------------------------
raw count: 1
Date: 6/23/2018 8:56:05 AM
--------------------------------------------------
count: 1
Date: 6/23/2018 8:56:05 AM
--------------------------------------------------
how many? 1
Date: 6/23/2018 8:56:05 AM
--------------------------------------------------
0
Date: 6/23/2018 8:56:05 AM
--------------------------------------------------
0
Date: 6/23/2018 8:56:05 AM
--------------------------------------------------
0
Date: 6/23/2018 8:56:05 AM
--------------------------------------------------
1
Date: 6/23/2018 8:56:05 AM
--------------------------------------------------
max: 1
Date: 6/23/2018 8:56:05 AM
--------------------------------------------------
threshold: 300000
Date: 6/23/2018 8:56:05 AM
--------------------------------------------------
item value: 425500
Date: 6/23/2018 8:56:05 AM
--------------------------------------------------
item total: 425500
Date: 6/23/2018 8:56:05 AM
--------------------------------------------------
buying: 1
Date: 6/23/2018 8:56:06 AM
--------------------------------------------------
buysellbutton: False
selectedController: True
Date: 6/23/2018 8:56:20 AM
--------------------------------------------------
buysellbutton: False
selectedController: True
Date: 6/23/2018 8:56:24 AM
--------------------------------------------------
Clearing Default Bindings for enter Key
Date: 6/23/2018 9:27:46 PM
--------------------------------------------------
Setting enter and others key as defaults for enter Key
Date: 6/23/2018 9:27:46 PM
--------------------------------------------------
Success setting enter and others key as defaults for enter Key
Date: 6/23/2018 9:27:46 PM
--------------------------------------------------
Clearing Default Bindings for enter Key
Date: 6/23/2018 10:15:54 PM
--------------------------------------------------
Setting enter and others key as defaults for enter Key
Date: 6/23/2018 10:15:54 PM
--------------------------------------------------
Success setting enter and others key as defaults for enter Key
Date: 6/23/2018 10:15:54 PM
--------------------------------------------------
buysellbutton: False
selectedController: False
Date: 6/23/2018 10:50:49 PM
--------------------------------------------------
buysellbutton: False
selectedController: True
Date: 6/23/2018 10:52:13 PM
--------------------------------------------------
shift held: False
ctrl held: False
ctrlshift held: False
Date: 6/23/2018 10:52:19 PM
--------------------------------------------------
raw count: 1
Date: 6/23/2018 10:52:19 PM
--------------------------------------------------
count: 1000000000
Date: 6/23/2018 10:52:19 PM
--------------------------------------------------
how many? 1
Date: 6/23/2018 10:52:19 PM
--------------------------------------------------
0
Date: 6/23/2018 10:52:19 PM
--------------------------------------------------
0
Date: 6/23/2018 10:52:19 PM
--------------------------------------------------
0
Date: 6/23/2018 10:52:19 PM
--------------------------------------------------
1
Date: 6/23/2018 10:52:19 PM
--------------------------------------------------
max: 1
Date: 6/23/2018 10:52:19 PM
--------------------------------------------------
threshold: 300000
Date: 6/23/2018 10:52:19 PM
--------------------------------------------------
item value: 90000
Date: 6/23/2018 10:52:19 PM
--------------------------------------------------
item total: 90000
Date: 6/23/2018 10:52:19 PM
--------------------------------------------------
buying: 1
Date: 6/23/2018 10:52:19 PM
--------------------------------------------------
shift held: False
ctrl held: False
ctrlshift held: False
Date: 6/23/2018 10:52:21 PM
--------------------------------------------------
raw count: 1
Date: 6/23/2018 10:52:21 PM
--------------------------------------------------
count: 1000000000
Date: 6/23/2018 10:52:21 PM
--------------------------------------------------
how many? 1
Date: 6/23/2018 10:52:21 PM
--------------------------------------------------
0
Date: 6/23/2018 10:52:21 PM
--------------------------------------------------
0
Date: 6/23/2018 10:52:21 PM
--------------------------------------------------
0
Date: 6/23/2018 10:52:21 PM
--------------------------------------------------
1
Date: 6/23/2018 10:52:21 PM
--------------------------------------------------
max: 1
Date: 6/23/2018 10:52:21 PM
--------------------------------------------------
threshold: 300000
Date: 6/23/2018 10:52:21 PM
--------------------------------------------------
item value: 90000
Date: 6/23/2018 10:52:21 PM
--------------------------------------------------
item total: 90000
Date: 6/23/2018 10:52:21 PM
--------------------------------------------------
buying: 1
Date: 6/23/2018 10:52:21 PM
--------------------------------------------------
shift held: False
ctrl held: False
ctrlshift held: False
Date: 6/23/2018 10:52:22 PM
--------------------------------------------------
raw count: 1
Date: 6/23/2018 10:52:22 PM
--------------------------------------------------
count: 1000000000
Date: 6/23/2018 10:52:22 PM
--------------------------------------------------
how many? 1
Date: 6/23/2018 10:52:22 PM
--------------------------------------------------
0
Date: 6/23/2018 10:52:22 PM
--------------------------------------------------
0
Date: 6/23/2018 10:52:22 PM
--------------------------------------------------
0
Date: 6/23/2018 10:52:22 PM
--------------------------------------------------
1
Date: 6/23/2018 10:52:22 PM
--------------------------------------------------
max: 1
Date: 6/23/2018 10:52:22 PM
--------------------------------------------------
threshold: 300000
Date: 6/23/2018 10:52:22 PM
--------------------------------------------------
item value: 50000
Date: 6/23/2018 10:52:22 PM
--------------------------------------------------
item total: 50000
Date: 6/23/2018 10:52:22 PM
--------------------------------------------------
buying: 1
Date: 6/23/2018 10:52:22 PM
--------------------------------------------------
shift held: False
ctrl held: False
ctrlshift held: False
Date: 6/23/2018 10:52:30 PM
--------------------------------------------------
raw count: 1
Date: 6/23/2018 10:52:30 PM
--------------------------------------------------
count: 1
Date: 6/23/2018 10:52:30 PM
--------------------------------------------------
how many? 1
Date: 6/23/2018 10:52:30 PM
--------------------------------------------------
0
Date: 6/23/2018 10:52:30 PM
--------------------------------------------------
0
Date: 6/23/2018 10:52:30 PM
--------------------------------------------------
0
Date: 6/23/2018 10:52:30 PM
--------------------------------------------------
1
Date: 6/23/2018 10:52:30 PM
--------------------------------------------------
max: 1
Date: 6/23/2018 10:52:30 PM
--------------------------------------------------
threshold: 300000
Date: 6/23/2018 10:52:30 PM
--------------------------------------------------
item value: 260000
Date: 6/23/2018 10:52:30 PM
--------------------------------------------------
item total: 260000
Date: 6/23/2018 10:52:30 PM
--------------------------------------------------
buying: 1
Date: 6/23/2018 10:52:30 PM
--------------------------------------------------
shift held: False
ctrl held: False
ctrlshift held: False
Date: 6/23/2018 10:52:32 PM
--------------------------------------------------
raw count: 1
Date: 6/23/2018 10:52:32 PM
--------------------------------------------------
count: 1000000000
Date: 6/23/2018 10:52:32 PM
--------------------------------------------------
how many? 1
Date: 6/23/2018 10:52:32 PM
--------------------------------------------------
0
Date: 6/23/2018 10:52:32 PM
--------------------------------------------------
0
Date: 6/23/2018 10:52:32 PM
--------------------------------------------------
0
Date: 6/23/2018 10:52:32 PM
--------------------------------------------------
1
Date: 6/23/2018 10:52:32 PM
--------------------------------------------------
max: 1
Date: 6/23/2018 10:52:32 PM
--------------------------------------------------
threshold: 300000
Date: 6/23/2018 10:52:32 PM
--------------------------------------------------
item value: 40000
Date: 6/23/2018 10:52:32 PM
--------------------------------------------------
item total: 40000
Date: 6/23/2018 10:52:32 PM
--------------------------------------------------
buying: 1
Date: 6/23/2018 10:52:32 PM
--------------------------------------------------
Clearing Default Bindings for enter Key
Date: 6/23/2018 11:20:07 PM
--------------------------------------------------
Setting enter and others key as defaults for enter Key
Date: 6/23/2018 11:20:07 PM
--------------------------------------------------
Success setting enter and others key as defaults for enter Key
Date: 6/23/2018 11:20:07 PM
--------------------------------------------------
Clearing Default Bindings for enter Key
Date: 6/23/2018 11:33:22 PM
--------------------------------------------------
Setting enter and others key as defaults for enter Key
Date: 6/23/2018 11:33:22 PM
--------------------------------------------------
Success setting enter and others key as defaults for enter Key
Date: 6/23/2018 11:33:22 PM
--------------------------------------------------
Clearing Default Bindings for enter Key
Date: 6/23/2018 11:48:46 PM
--------------------------------------------------
Setting enter and others key as defaults for enter Key
Date: 6/23/2018 11:48:46 PM
--------------------------------------------------
Success setting enter and others key as defaults for enter Key
Date: 6/23/2018 11:48:46 PM
--------------------------------------------------
Clearing Default Bindings for enter Key
Date: 6/24/2018 1:16:10 AM
--------------------------------------------------
Setting enter and others key as defaults for enter Key
Date: 6/24/2018 1:16:10 AM
--------------------------------------------------
Success setting enter and others key as defaults for enter Key
Date: 6/24/2018 1:16:10 AM
--------------------------------------------------
buysellbutton: False
selectedController: False
Date: 6/24/2018 1:40:22 AM
--------------------------------------------------
shift held: False
ctrl held: False
ctrlshift held: False
Date: 6/24/2018 1:40:33 AM
--------------------------------------------------
raw count: 1
Date: 6/24/2018 1:40:33 AM
--------------------------------------------------
count: 1000000000
Date: 6/24/2018 1:40:33 AM
--------------------------------------------------
how many? 1
Date: 6/24/2018 1:40:33 AM
--------------------------------------------------
0
Date: 6/24/2018 1:40:33 AM
--------------------------------------------------
0
Date: 6/24/2018 1:40:33 AM
--------------------------------------------------
0
Date: 6/24/2018 1:40:33 AM
--------------------------------------------------
1
Date: 6/24/2018 1:40:33 AM
--------------------------------------------------
max: 1
Date: 6/24/2018 1:40:33 AM
--------------------------------------------------
threshold: 300000
Date: 6/24/2018 1:40:33 AM
--------------------------------------------------
item value: 40000
Date: 6/24/2018 1:40:33 AM
--------------------------------------------------
item total: 40000
Date: 6/24/2018 1:40:33 AM
--------------------------------------------------
buying: 1
Date: 6/24/2018 1:40:33 AM
--------------------------------------------------
buysellbutton: False
selectedController: True
Date: 6/24/2018 1:40:34 AM
--------------------------------------------------
buysellbutton: False
selectedController: False
Date: 6/24/2018 1:55:42 AM
--------------------------------------------------
buysellbutton: False
selectedController: True
Date: 6/24/2018 2:05:29 AM
--------------------------------------------------
buysellbutton: False
selectedController: False
Date: 6/24/2018 3:09:39 AM
--------------------------------------------------
buysellbutton: False
selectedController: True
Date: 6/24/2018 3:09:41 AM
--------------------------------------------------
buysellbutton: False
selectedController: False
Date: 6/24/2018 3:09:51 AM
--------------------------------------------------
buysellbutton: False
selectedController: False
Date: 6/24/2018 3:10:00 AM
--------------------------------------------------
buysellbutton: False
selectedController: True
Date: 6/24/2018 3:10:03 AM
--------------------------------------------------
shift held: False
ctrl held: False
ctrlshift held: False
Date: 6/24/2018 3:10:08 AM
--------------------------------------------------
raw count: 1
Date: 6/24/2018 3:10:08 AM
--------------------------------------------------
count: 1000000000
Date: 6/24/2018 3:10:08 AM
--------------------------------------------------
how many? 1
Date: 6/24/2018 3:10:08 AM
--------------------------------------------------
0
Date: 6/24/2018 3:10:08 AM
--------------------------------------------------
0
Date: 6/24/2018 3:10:08 AM
--------------------------------------------------
0
Date: 6/24/2018 3:10:08 AM
--------------------------------------------------
1
Date: 6/24/2018 3:10:08 AM
--------------------------------------------------
max: 1
Date: 6/24/2018 3:10:08 AM
--------------------------------------------------
threshold: 300000
Date: 6/24/2018 3:10:08 AM
--------------------------------------------------
item value: 46000
Date: 6/24/2018 3:10:08 AM
--------------------------------------------------
item total: 46000
Date: 6/24/2018 3:10:08 AM
--------------------------------------------------
buying: 1
Date: 6/24/2018 3:10:08 AM
--------------------------------------------------
buysellbutton: False
selectedController: True
Date: 6/24/2018 3:10:09 AM
--------------------------------------------------
buysellbutton: False
selectedController: False
Date: 6/24/2018 3:13:50 AM
--------------------------------------------------
buysellbutton: False
selectedController: True
Date: 6/24/2018 3:13:57 AM
--------------------------------------------------
buysellbutton: False
selectedController: False
Date: 6/24/2018 3:13:58 AM
--------------------------------------------------
shift held: False
ctrl held: False
ctrlshift held: False
Date: 6/24/2018 3:14:10 AM
--------------------------------------------------
raw count: 1
Date: 6/24/2018 3:14:10 AM
--------------------------------------------------
count: 1000000000
Date: 6/24/2018 3:14:10 AM
--------------------------------------------------
how many? 1
Date: 6/24/2018 3:14:10 AM
--------------------------------------------------
0
Date: 6/24/2018 3:14:10 AM
--------------------------------------------------
0
Date: 6/24/2018 3:14:10 AM
--------------------------------------------------
0
Date: 6/24/2018 3:14:10 AM
--------------------------------------------------
1
Date: 6/24/2018 3:14:10 AM
--------------------------------------------------
max: 1
Date: 6/24/2018 3:14:10 AM
--------------------------------------------------
threshold: 300000
Date: 6/24/2018 3:14:10 AM
--------------------------------------------------
item value: 57500
Date: 6/24/2018 3:14:10 AM
--------------------------------------------------
item total: 57500
Date: 6/24/2018 3:14:10 AM
--------------------------------------------------
buying: 1
Date: 6/24/2018 3:14:10 AM
--------------------------------------------------
shift held: False
ctrl held: False
ctrlshift held: False
Date: 6/24/2018 3:14:11 AM
--------------------------------------------------
raw count: 1
Date: 6/24/2018 3:14:11 AM
--------------------------------------------------
count: 1000000000
Date: 6/24/2018 3:14:11 AM
--------------------------------------------------
how many? 1
Date: 6/24/2018 3:14:11 AM
--------------------------------------------------
0
Date: 6/24/2018 3:14:11 AM
--------------------------------------------------
0
Date: 6/24/2018 3:14:11 AM
--------------------------------------------------
0
Date: 6/24/2018 3:14:11 AM
--------------------------------------------------
1
Date: 6/24/2018 3:14:11 AM
--------------------------------------------------
max: 1
Date: 6/24/2018 3:14:11 AM
--------------------------------------------------
threshold: 300000
Date: 6/24/2018 3:14:11 AM
--------------------------------------------------
item value: 57500
Date: 6/24/2018 3:14:11 AM
--------------------------------------------------
item total: 57500
Date: 6/24/2018 3:14:11 AM
--------------------------------------------------
buying: 1
Date: 6/24/2018 3:14:11 AM
--------------------------------------------------
shift held: False
ctrl held: False
ctrlshift held: False
Date: 6/24/2018 3:14:13 AM
--------------------------------------------------
raw count: 1
Date: 6/24/2018 3:14:13 AM
--------------------------------------------------
count: 1000000000
Date: 6/24/2018 3:14:13 AM
--------------------------------------------------
how many? 1
Date: 6/24/2018 3:14:13 AM
--------------------------------------------------
0
Date: 6/24/2018 3:14:13 AM
--------------------------------------------------
0
Date: 6/24/2018 3:14:13 AM
--------------------------------------------------
0
Date: 6/24/2018 3:14:13 AM
--------------------------------------------------
1
Date: 6/24/2018 3:14:13 AM
--------------------------------------------------
max: 1
Date: 6/24/2018 3:14:13 AM
--------------------------------------------------
threshold: 300000
Date: 6/24/2018 3:14:13 AM
--------------------------------------------------
item value: 57500
Date: 6/24/2018 3:14:13 AM
--------------------------------------------------
item total: 57500
Date: 6/24/2018 3:14:13 AM
--------------------------------------------------
buying: 1
Date: 6/24/2018 3:14:13 AM
--------------------------------------------------
shift held: False
ctrl held: False
ctrlshift held: False
Date: 6/24/2018 3:14:14 AM
--------------------------------------------------
raw count: 1
Date: 6/24/2018 3:14:14 AM
--------------------------------------------------
count: 1000000000
Date: 6/24/2018 3:14:14 AM
--------------------------------------------------
how many? 1
Date: 6/24/2018 3:14:14 AM
--------------------------------------------------
0
Date: 6/24/2018 3:14:14 AM
--------------------------------------------------
0
Date: 6/24/2018 3:14:14 AM
--------------------------------------------------
0
Date: 6/24/2018 3:14:14 AM
--------------------------------------------------
1
Date: 6/24/2018 3:14:14 AM
--------------------------------------------------
max: 1
Date: 6/24/2018 3:14:14 AM
--------------------------------------------------
threshold: 300000
Date: 6/24/2018 3:14:14 AM
--------------------------------------------------
item value: 57500
Date: 6/24/2018 3:14:14 AM
--------------------------------------------------
item total: 57500
Date: 6/24/2018 3:14:14 AM
--------------------------------------------------
buying: 1
Date: 6/24/2018 3:14:14 AM
--------------------------------------------------
buysellbutton: False
selectedController: False
Date: 6/24/2018 3:16:28 AM
--------------------------------------------------
buysellbutton: False
selectedController: True
Date: 6/24/2018 3:16:31 AM
--------------------------------------------------
shift held: False
ctrl held: False
ctrlshift held: False
Date: 6/24/2018 3:16:34 AM
--------------------------------------------------
raw count: 1
Date: 6/24/2018 3:16:34 AM
--------------------------------------------------
count: 1000000000
Date: 6/24/2018 3:16:34 AM
--------------------------------------------------
how many? 1
Date: 6/24/2018 3:16:34 AM
--------------------------------------------------
0
Date: 6/24/2018 3:16:34 AM
--------------------------------------------------
0
Date: 6/24/2018 3:16:34 AM
--------------------------------------------------
0
Date: 6/24/2018 3:16:34 AM
--------------------------------------------------
1
Date: 6/24/2018 3:16:34 AM
--------------------------------------------------
max: 1
Date: 6/24/2018 3:16:34 AM
--------------------------------------------------
threshold: 300000
Date: 6/24/2018 3:16:34 AM
--------------------------------------------------
item value: 57500
Date: 6/24/2018 3:16:34 AM
--------------------------------------------------
item total: 57500
Date: 6/24/2018 3:16:34 AM
--------------------------------------------------
buying: 1
Date: 6/24/2018 3:16:34 AM
--------------------------------------------------
buysellbutton: False
selectedController: True
Date: 6/24/2018 3:16:35 AM
--------------------------------------------------
buysellbutton: False
selectedController: True
Date: 6/24/2018 3:26:09 AM
--------------------------------------------------
buysellbutton: False
selectedController: True
Date: 6/24/2018 3:27:07 AM
--------------------------------------------------
buysellbutton: False
selectedController: True
Date: 6/24/2018 3:27:18 AM
--------------------------------------------------
buysellbutton: False
selectedController: True
Date: 6/24/2018 3:27:25 AM
--------------------------------------------------
shift held: False
ctrl held: False
ctrlshift held: False
Date: 6/24/2018 3:29:08 AM
--------------------------------------------------
raw count: 2
Date: 6/24/2018 3:29:08 AM
--------------------------------------------------
count: 2
Date: 6/24/2018 3:29:08 AM
--------------------------------------------------
how many? 1
Date: 6/24/2018 3:29:08 AM
--------------------------------------------------
0
Date: 6/24/2018 3:29:08 AM
--------------------------------------------------
0
Date: 6/24/2018 3:29:08 AM
--------------------------------------------------
0
Date: 6/24/2018 3:29:08 AM
--------------------------------------------------
1
Date: 6/24/2018 3:29:08 AM
--------------------------------------------------
max: 1
Date: 6/24/2018 3:29:08 AM
--------------------------------------------------
threshold: 300000
Date: 6/24/2018 3:29:08 AM
--------------------------------------------------
item value: 9000
Date: 6/24/2018 3:29:08 AM
--------------------------------------------------
item total: 9000
Date: 6/24/2018 3:29:08 AM
--------------------------------------------------
selling: 1
Date: 6/24/2018 3:29:08 AM
--------------------------------------------------
shift held: False
ctrl held: False
ctrlshift held: False
Date: 6/24/2018 3:29:09 AM
--------------------------------------------------
raw count: 1
Date: 6/24/2018 3:29:09 AM
--------------------------------------------------
count: 1
Date: 6/24/2018 3:29:09 AM
--------------------------------------------------
how many? 1
Date: 6/24/2018 3:29:09 AM
--------------------------------------------------
0
Date: 6/24/2018 3:29:09 AM
--------------------------------------------------
0
Date: 6/24/2018 3:29:09 AM
--------------------------------------------------
0
Date: 6/24/2018 3:29:09 AM
--------------------------------------------------
1
Date: 6/24/2018 3:29:09 AM
--------------------------------------------------
max: 1
Date: 6/24/2018 3:29:09 AM
--------------------------------------------------
threshold: 300000
Date: 6/24/2018 3:29:09 AM
--------------------------------------------------
item value: 9000
Date: 6/24/2018 3:29:09 AM
--------------------------------------------------
item total: 9000
Date: 6/24/2018 3:29:09 AM
--------------------------------------------------
selling: 1
Date: 6/24/2018 3:29:09 AM
--------------------------------------------------
shift held: False
ctrl held: False
ctrlshift held: False
Date: 6/24/2018 3:29:13 AM
--------------------------------------------------
raw count: 1
Date: 6/24/2018 3:29:13 AM
--------------------------------------------------
count: 1
Date: 6/24/2018 3:29:13 AM
--------------------------------------------------
how many? 1
Date: 6/24/2018 3:29:13 AM
--------------------------------------------------
0
Date: 6/24/2018 3:29:13 AM
--------------------------------------------------
0
Date: 6/24/2018 3:29:13 AM
--------------------------------------------------
0
Date: 6/24/2018 3:29:13 AM
--------------------------------------------------
1
Date: 6/24/2018 3:29:13 AM
--------------------------------------------------
max: 1
Date: 6/24/2018 3:29:13 AM
--------------------------------------------------
threshold: 300000
Date: 6/24/2018 3:29:13 AM
--------------------------------------------------
item value: 32400
Date: 6/24/2018 3:29:13 AM
--------------------------------------------------
item total: 32400
Date: 6/24/2018 3:29:13 AM
--------------------------------------------------
selling: 1
Date: 6/24/2018 3:29:13 AM
--------------------------------------------------
shift held: False
ctrl held: False
ctrlshift held: False
Date: 6/24/2018 3:29:16 AM
--------------------------------------------------
raw count: 2
Date: 6/24/2018 3:29:16 AM
--------------------------------------------------
count: 2
Date: 6/24/2018 3:29:16 AM
--------------------------------------------------
how many? 1
Date: 6/24/2018 3:29:16 AM
--------------------------------------------------
0
Date: 6/24/2018 3:29:16 AM
--------------------------------------------------
0
Date: 6/24/2018 3:29:16 AM
--------------------------------------------------
0
Date: 6/24/2018 3:29:16 AM
--------------------------------------------------
1
Date: 6/24/2018 3:29:16 AM
--------------------------------------------------
max: 1
Date: 6/24/2018 3:29:16 AM
--------------------------------------------------
threshold: 300000
Date: 6/24/2018 3:29:16 AM
--------------------------------------------------
item value: 25200
Date: 6/24/2018 3:29:16 AM
--------------------------------------------------
item total: 25200
Date: 6/24/2018 3:29:16 AM
--------------------------------------------------
selling: 1
Date: 6/24/2018 3:29:16 AM
--------------------------------------------------
shift held: False
ctrl held: False
ctrlshift held: False
Date: 6/24/2018 3:29:17 AM
--------------------------------------------------
raw count: 1
Date: 6/24/2018 3:29:17 AM
--------------------------------------------------
count: 1
Date: 6/24/2018 3:29:17 AM
--------------------------------------------------
how many? 1
Date: 6/24/2018 3:29:17 AM
--------------------------------------------------
0
Date: 6/24/2018 3:29:17 AM
--------------------------------------------------
0
Date: 6/24/2018 3:29:17 AM
--------------------------------------------------
0
Date: 6/24/2018 3:29:17 AM
--------------------------------------------------
1
Date: 6/24/2018 3:29:17 AM
--------------------------------------------------
max: 1
Date: 6/24/2018 3:29:17 AM
--------------------------------------------------
threshold: 300000
Date: 6/24/2018 3:29:17 AM
--------------------------------------------------
item value: 25200
Date: 6/24/2018 3:29:17 AM
--------------------------------------------------
item total: 25200
Date: 6/24/2018 3:29:17 AM
--------------------------------------------------
selling: 1
Date: 6/24/2018 3:29:17 AM
--------------------------------------------------
buysellbutton: False
selectedController: False
Date: 6/24/2018 3:29:18 AM
--------------------------------------------------
shift held: False
ctrl held: False
ctrlshift held: False
Date: 6/24/2018 3:29:24 AM
--------------------------------------------------
raw count: 18
Date: 6/24/2018 3:29:24 AM
--------------------------------------------------
count: 18
Date: 6/24/2018 3:29:24 AM
--------------------------------------------------
how many? 1
Date: 6/24/2018 3:29:24 AM
--------------------------------------------------
0
Date: 6/24/2018 3:29:24 AM
--------------------------------------------------
0
Date: 6/24/2018 3:29:24 AM
--------------------------------------------------
0
Date: 6/24/2018 3:29:24 AM
--------------------------------------------------
1
Date: 6/24/2018 3:29:24 AM
--------------------------------------------------
max: 1
Date: 6/24/2018 3:29:24 AM
--------------------------------------------------
threshold: 300000
Date: 6/24/2018 3:29:24 AM
--------------------------------------------------
item value: 3600
Date: 6/24/2018 3:29:24 AM
--------------------------------------------------
item total: 3600
Date: 6/24/2018 3:29:24 AM
--------------------------------------------------
selling: 1
Date: 6/24/2018 3:29:24 AM
--------------------------------------------------
shift held: False
ctrl held: False
ctrlshift held: False
Date: 6/24/2018 3:29:25 AM
--------------------------------------------------
raw count: 17
Date: 6/24/2018 3:29:25 AM
--------------------------------------------------
count: 17
Date: 6/24/2018 3:29:25 AM
--------------------------------------------------
how many? 1
Date: 6/24/2018 3:29:25 AM
--------------------------------------------------
0
Date: 6/24/2018 3:29:25 AM
--------------------------------------------------
0
Date: 6/24/2018 3:29:25 AM
--------------------------------------------------
0
Date: 6/24/2018 3:29:25 AM
--------------------------------------------------
1
Date: 6/24/2018 3:29:25 AM
--------------------------------------------------
max: 1
Date: 6/24/2018 3:29:25 AM
--------------------------------------------------
threshold: 300000
Date: 6/24/2018 3:29:25 AM
--------------------------------------------------
item value: 3600
Date: 6/24/2018 3:29:25 AM
--------------------------------------------------
item total: 3600
Date: 6/24/2018 3:29:25 AM
--------------------------------------------------
selling: 1
Date: 6/24/2018 3:29:25 AM
--------------------------------------------------
shift held: False
ctrl held: False
ctrlshift held: False
Date: 6/24/2018 3:29:25 AM
--------------------------------------------------
raw count: 16
Date: 6/24/2018 3:29:25 AM
--------------------------------------------------
count: 16
Date: 6/24/2018 3:29:25 AM
--------------------------------------------------
how many? 1
Date: 6/24/2018 3:29:25 AM
--------------------------------------------------
0
Date: 6/24/2018 3:29:25 AM
--------------------------------------------------
0
Date: 6/24/2018 3:29:25 AM
--------------------------------------------------
0
Date: 6/24/2018 3:29:25 AM
--------------------------------------------------
1
Date: 6/24/2018 3:29:25 AM
--------------------------------------------------
max: 1
Date: 6/24/2018 3:29:25 AM
--------------------------------------------------
threshold: 300000
Date: 6/24/2018 3:29:25 AM
--------------------------------------------------
item value: 3600
Date: 6/24/2018 3:29:25 AM
--------------------------------------------------
item total: 3600
Date: 6/24/2018 3:29:25 AM
--------------------------------------------------
selling: 1
Date: 6/24/2018 3:29:25 AM
--------------------------------------------------
shift held: False
ctrl held: False
ctrlshift held: False
Date: 6/24/2018 3:29:25 AM
--------------------------------------------------
raw count: 15
Date: 6/24/2018 3:29:25 AM
--------------------------------------------------
count: 15
Date: 6/24/2018 3:29:25 AM
--------------------------------------------------
how many? 1
Date: 6/24/2018 3:29:25 AM
--------------------------------------------------
0
Date: 6/24/2018 3:29:25 AM
--------------------------------------------------
0
Date: 6/24/2018 3:29:25 AM
--------------------------------------------------
0
Date: 6/24/2018 3:29:25 AM
--------------------------------------------------
1
Date: 6/24/2018 3:29:25 AM
--------------------------------------------------
max: 1
Date: 6/24/2018 3:29:25 AM
--------------------------------------------------
threshold: 300000
Date: 6/24/2018 3:29:25 AM
--------------------------------------------------
item value: 3600
Date: 6/24/2018 3:29:25 AM
--------------------------------------------------
item total: 3600
Date: 6/24/2018 3:29:25 AM
--------------------------------------------------
selling: 1
Date: 6/24/2018 3:29:25 AM
--------------------------------------------------
shift held: False
ctrl held: False
ctrlshift held: False
Date: 6/24/2018 3:29:25 AM
--------------------------------------------------
raw count: 14
Date: 6/24/2018 3:29:25 AM
--------------------------------------------------
count: 14
Date: 6/24/2018 3:29:25 AM
--------------------------------------------------
how many? 1
Date: 6/24/2018 3:29:25 AM
--------------------------------------------------
0
Date: 6/24/2018 3:29:25 AM
--------------------------------------------------
0
Date: 6/24/2018 3:29:25 AM
--------------------------------------------------
0
Date: 6/24/2018 3:29:25 AM
--------------------------------------------------
1
Date: 6/24/2018 3:29:25 AM
--------------------------------------------------
max: 1
Date: 6/24/2018 3:29:25 AM
--------------------------------------------------
threshold: 300000
Date: 6/24/2018 3:29:25 AM
--------------------------------------------------
item value: 3600
Date: 6/24/2018 3:29:25 AM
--------------------------------------------------
item total: 3600
Date: 6/24/2018 3:29:25 AM
--------------------------------------------------
selling: 1
Date: 6/24/2018 3:29:25 AM
--------------------------------------------------
shift held: False
ctrl held: False
ctrlshift held: False
Date: 6/24/2018 3:29:26 AM
--------------------------------------------------
raw count: 13
Date: 6/24/2018 3:29:26 AM
--------------------------------------------------
count: 13
Date: 6/24/2018 3:29:26 AM
--------------------------------------------------
how many? 1
Date: 6/24/2018 3:29:26 AM
--------------------------------------------------
0
Date: 6/24/2018 3:29:26 AM
--------------------------------------------------
0
Date: 6/24/2018 3:29:26 AM
--------------------------------------------------
0
Date: 6/24/2018 3:29:26 AM
--------------------------------------------------
1
Date: 6/24/2018 3:29:26 AM
--------------------------------------------------
max: 1
Date: 6/24/2018 3:29:26 AM
--------------------------------------------------
threshold: 300000
Date: 6/24/2018 3:29:26 AM
--------------------------------------------------
item value: 3600
Date: 6/24/2018 3:29:26 AM
--------------------------------------------------
item total: 3600
Date: 6/24/2018 3:29:26 AM
--------------------------------------------------
selling: 1
Date: 6/24/2018 3:29:26 AM
--------------------------------------------------
shift held: False
ctrl held: False
ctrlshift held: False
Date: 6/24/2018 3:29:26 AM
--------------------------------------------------
raw count: 12
Date: 6/24/2018 3:29:26 AM
--------------------------------------------------
count: 12
Date: 6/24/2018 3:29:26 AM
--------------------------------------------------
how many? 1
Date: 6/24/2018 3:29:26 AM
--------------------------------------------------
0
Date: 6/24/2018 3:29:26 AM
--------------------------------------------------
0
Date: 6/24/2018 3:29:26 AM
--------------------------------------------------
0
Date: 6/24/2018 3:29:26 AM
--------------------------------------------------
1
Date: 6/24/2018 3:29:26 AM
--------------------------------------------------
max: 1
Date: 6/24/2018 3:29:26 AM
--------------------------------------------------
threshold: 300000
Date: 6/24/2018 3:29:26 AM
--------------------------------------------------
item value: 3600
Date: 6/24/2018 3:29:26 AM
--------------------------------------------------
item total: 3600
Date: 6/24/2018 3:29:26 AM
--------------------------------------------------
selling: 1
Date: 6/24/2018 3:29:26 AM
--------------------------------------------------
shift held: False
ctrl held: False
ctrlshift held: False
Date: 6/24/2018 3:29:26 AM
--------------------------------------------------
raw count: 11
Date: 6/24/2018 3:29:26 AM
--------------------------------------------------
count: 11
Date: 6/24/2018 3:29:26 AM
--------------------------------------------------
how many? 1
Date: 6/24/2018 3:29:26 AM
--------------------------------------------------
0
Date: 6/24/2018 3:29:26 AM
--------------------------------------------------
0
Date: 6/24/2018 3:29:26 AM
--------------------------------------------------
0
Date: 6/24/2018 3:29:26 AM
--------------------------------------------------
1
Date: 6/24/2018 3:29:26 AM
--------------------------------------------------
max: 1
Date: 6/24/2018 3:29:26 AM
--------------------------------------------------
threshold: 300000
Date: 6/24/2018 3:29:26 AM
--------------------------------------------------
item value: 3600
Date: 6/24/2018 3:29:26 AM
--------------------------------------------------
item total: 3600
Date: 6/24/2018 3:29:26 AM
--------------------------------------------------
selling: 1
Date: 6/24/2018 3:29:26 AM
--------------------------------------------------
shift held: False
ctrl held: False
ctrlshift held: False
Date: 6/24/2018 3:29:26 AM
--------------------------------------------------
raw count: 10
Date: 6/24/2018 3:29:26 AM
--------------------------------------------------
count: 10
Date: 6/24/2018 3:29:26 AM
--------------------------------------------------
how many? 1
Date: 6/24/2018 3:29:26 AM
--------------------------------------------------
0
Date: 6/24/2018 3:29:26 AM
--------------------------------------------------
0
Date: 6/24/2018 3:29:26 AM
--------------------------------------------------
0
Date: 6/24/2018 3:29:26 AM
--------------------------------------------------
1
Date: 6/24/2018 3:29:26 AM
--------------------------------------------------
max: 1
Date: 6/24/2018 3:29:26 AM
--------------------------------------------------
threshold: 300000
Date: 6/24/2018 3:29:26 AM
--------------------------------------------------
item value: 3600
Date: 6/24/2018 3:29:26 AM
--------------------------------------------------
item total: 3600
Date: 6/24/2018 3:29:26 AM
--------------------------------------------------
selling: 1
Date: 6/24/2018 3:29:26 AM
--------------------------------------------------
shift held: False
ctrl held: False
ctrlshift held: False
Date: 6/24/2018 3:29:27 AM
--------------------------------------------------
raw count: 9
Date: 6/24/2018 3:29:27 AM
--------------------------------------------------
count: 9
Date: 6/24/2018 3:29:27 AM
--------------------------------------------------
how many? 1
Date: 6/24/2018 3:29:27 AM
--------------------------------------------------
0
Date: 6/24/2018 3:29:27 AM
--------------------------------------------------
0
Date: 6/24/2018 3:29:27 AM
--------------------------------------------------
0
Date: 6/24/2018 3:29:27 AM
--------------------------------------------------
1
Date: 6/24/2018 3:29:27 AM
--------------------------------------------------
max: 1
Date: 6/24/2018 3:29:27 AM
--------------------------------------------------
threshold: 300000
Date: 6/24/2018 3:29:27 AM
--------------------------------------------------
item value: 3600
Date: 6/24/2018 3:29:27 AM
--------------------------------------------------
item total: 3600
Date: 6/24/2018 3:29:27 AM
--------------------------------------------------
selling: 1
Date: 6/24/2018 3:29:27 AM
--------------------------------------------------
shift held: False
ctrl held: False
ctrlshift held: False
Date: 6/24/2018 3:29:27 AM
--------------------------------------------------
raw count: 8
Date: 6/24/2018 3:29:27 AM
--------------------------------------------------
count: 8
Date: 6/24/2018 3:29:27 AM
--------------------------------------------------
how many? 1
Date: 6/24/2018 3:29:27 AM
--------------------------------------------------
0
Date: 6/24/2018 3:29:27 AM
--------------------------------------------------
0
Date: 6/24/2018 3:29:27 AM
--------------------------------------------------
0
Date: 6/24/2018 3:29:27 AM
--------------------------------------------------
1
Date: 6/24/2018 3:29:27 AM
--------------------------------------------------
max: 1
Date: 6/24/2018 3:29:27 AM
--------------------------------------------------
threshold: 300000
Date: 6/24/2018 3:29:27 AM
--------------------------------------------------
item value: 3600
Date: 6/24/2018 3:29:27 AM
--------------------------------------------------
item total: 3600
Date: 6/24/2018 3:29:27 AM
--------------------------------------------------
selling: 1
Date: 6/24/2018 3:29:27 AM
--------------------------------------------------
shift held: False
ctrl held: False
ctrlshift held: False
Date: 6/24/2018 3:29:31 AM
--------------------------------------------------
raw count: 21
Date: 6/24/2018 3:29:31 AM
--------------------------------------------------
count: 21
Date: 6/24/2018 3:29:31 AM
--------------------------------------------------
how many? 1
Date: 6/24/2018 3:29:31 AM
--------------------------------------------------
0
Date: 6/24/2018 3:29:31 AM
--------------------------------------------------
0
Date: 6/24/2018 3:29:31 AM
--------------------------------------------------
0
Date: 6/24/2018 3:29:31 AM
--------------------------------------------------
1
Date: 6/24/2018 3:29:31 AM
--------------------------------------------------
max: 1
Date: 6/24/2018 3:29:31 AM
--------------------------------------------------
threshold: 300000
Date: 6/24/2018 3:29:31 AM
--------------------------------------------------
item value: 5400
Date: 6/24/2018 3:29:31 AM
--------------------------------------------------
item total: 5400
Date: 6/24/2018 3:29:31 AM
--------------------------------------------------
selling: 1
Date: 6/24/2018 3:29:31 AM
--------------------------------------------------
shift held: False
ctrl held: False
ctrlshift held: False
Date: 6/24/2018 3:29:31 AM
--------------------------------------------------
raw count: 20
Date: 6/24/2018 3:29:31 AM
--------------------------------------------------
count: 20
Date: 6/24/2018 3:29:31 AM
--------------------------------------------------
how many? 1
Date: 6/24/2018 3:29:31 AM
--------------------------------------------------
0
Date: 6/24/2018 3:29:31 AM
--------------------------------------------------
0
Date: 6/24/2018 3:29:31 AM
--------------------------------------------------
0
Date: 6/24/2018 3:29:31 AM
--------------------------------------------------
1
Date: 6/24/2018 3:29:31 AM
--------------------------------------------------
max: 1
Date: 6/24/2018 3:29:31 AM
--------------------------------------------------
threshold: 300000
Date: 6/24/2018 3:29:31 AM
--------------------------------------------------
item value: 5400
Date: 6/24/2018 3:29:31 AM
--------------------------------------------------
item total: 5400
Date: 6/24/2018 3:29:31 AM
--------------------------------------------------
selling: 1
Date: 6/24/2018 3:29:31 AM
--------------------------------------------------
shift held: False
ctrl held: False
ctrlshift held: False
Date: 6/24/2018 3:29:31 AM
--------------------------------------------------
raw count: 19
Date: 6/24/2018 3:29:31 AM
--------------------------------------------------
count: 19
Date: 6/24/2018 3:29:31 AM
--------------------------------------------------
how many? 1
Date: 6/24/2018 3:29:31 AM
--------------------------------------------------
0
Date: 6/24/2018 3:29:31 AM
--------------------------------------------------
0
Date: 6/24/2018 3:29:31 AM
--------------------------------------------------
0
Date: 6/24/2018 3:29:31 AM
--------------------------------------------------
1
Date: 6/24/2018 3:29:31 AM
--------------------------------------------------
max: 1
Date: 6/24/2018 3:29:31 AM
--------------------------------------------------
threshold: 300000
Date: 6/24/2018 3:29:31 AM
--------------------------------------------------
item value: 5400
Date: 6/24/2018 3:29:31 AM
--------------------------------------------------
item total: 5400
Date: 6/24/2018 3:29:31 AM
--------------------------------------------------
selling: 1
Date: 6/24/2018 3:29:31 AM
--------------------------------------------------
shift held: False
ctrl held: False
ctrlshift held: False
Date: 6/24/2018 3:29:31 AM
--------------------------------------------------
raw count: 18
Date: 6/24/2018 3:29:31 AM
--------------------------------------------------
count: 18
Date: 6/24/2018 3:29:31 AM
--------------------------------------------------
how many? 1
Date: 6/24/2018 3:29:31 AM
--------------------------------------------------
0
Date: 6/24/2018 3:29:31 AM
--------------------------------------------------
0
Date: 6/24/2018 3:29:31 AM
--------------------------------------------------
0
Date: 6/24/2018 3:29:31 AM
--------------------------------------------------
1
Date: 6/24/2018 3:29:31 AM
--------------------------------------------------
max: 1
Date: 6/24/2018 3:29:31 AM
--------------------------------------------------
threshold: 300000
Date: 6/24/2018 3:29:31 AM
--------------------------------------------------
item value: 5400
Date: 6/24/2018 3:29:31 AM
--------------------------------------------------
item total: 5400
Date: 6/24/2018 3:29:31 AM
--------------------------------------------------
selling: 1
Date: 6/24/2018 3:29:31 AM
--------------------------------------------------
shift held: False
ctrl held: False
ctrlshift held: False
Date: 6/24/2018 3:29:32 AM
--------------------------------------------------
raw count: 17
Date: 6/24/2018 3:29:32 AM
--------------------------------------------------
count: 17
Date: 6/24/2018 3:29:32 AM
--------------------------------------------------
how many? 1
Date: 6/24/2018 3:29:32 AM
--------------------------------------------------
0
Date: 6/24/2018 3:29:32 AM
--------------------------------------------------
0
Date: 6/24/2018 3:29:32 AM
--------------------------------------------------
0
Date: 6/24/2018 3:29:32 AM
--------------------------------------------------
1
Date: 6/24/2018 3:29:32 AM
--------------------------------------------------
max: 1
Date: 6/24/2018 3:29:32 AM
--------------------------------------------------
threshold: 300000
Date: 6/24/2018 3:29:32 AM
--------------------------------------------------
item value: 5400
Date: 6/24/2018 3:29:32 AM
--------------------------------------------------
item total: 5400
Date: 6/24/2018 3:29:32 AM
--------------------------------------------------
selling: 1
Date: 6/24/2018 3:29:32 AM
--------------------------------------------------
shift held: False
ctrl held: False
ctrlshift held: False
Date: 6/24/2018 3:29:32 AM
--------------------------------------------------
raw count: 16
Date: 6/24/2018 3:29:32 AM
--------------------------------------------------
count: 16
Date: 6/24/2018 3:29:32 AM
--------------------------------------------------
how many? 1
Date: 6/24/2018 3:29:32 AM
--------------------------------------------------
0
Date: 6/24/2018 3:29:32 AM
--------------------------------------------------
0
Date: 6/24/2018 3:29:32 AM
--------------------------------------------------
0
Date: 6/24/2018 3:29:32 AM
--------------------------------------------------
1
Date: 6/24/2018 3:29:32 AM
--------------------------------------------------
max: 1
Date: 6/24/2018 3:29:32 AM
--------------------------------------------------
threshold: 300000
Date: 6/24/2018 3:29:32 AM
--------------------------------------------------
item value: 5400
Date: 6/24/2018 3:29:32 AM
--------------------------------------------------
item total: 5400
Date: 6/24/2018 3:29:32 AM
--------------------------------------------------
selling: 1
Date: 6/24/2018 3:29:32 AM
--------------------------------------------------
shift held: False
ctrl held: False
ctrlshift held: False
Date: 6/24/2018 3:29:32 AM
--------------------------------------------------
raw count: 15
Date: 6/24/2018 3:29:32 AM
--------------------------------------------------
count: 15
Date: 6/24/2018 3:29:32 AM
--------------------------------------------------
how many? 1
Date: 6/24/2018 3:29:32 AM
--------------------------------------------------
0
Date: 6/24/2018 3:29:32 AM
--------------------------------------------------
0
Date: 6/24/2018 3:29:32 AM
--------------------------------------------------
0
Date: 6/24/2018 3:29:32 AM
--------------------------------------------------
1
Date: 6/24/2018 3:29:32 AM
--------------------------------------------------
max: 1
Date: 6/24/2018 3:29:32 AM
--------------------------------------------------
threshold: 300000
Date: 6/24/2018 3:29:32 AM
--------------------------------------------------
item value: 5400
Date: 6/24/2018 3:29:32 AM
--------------------------------------------------
item total: 5400
Date: 6/24/2018 3:29:32 AM
--------------------------------------------------
selling: 1
Date: 6/24/2018 3:29:32 AM
--------------------------------------------------
shift held: False
ctrl held: False
ctrlshift held: False
Date: 6/24/2018 3:29:32 AM
--------------------------------------------------
raw count: 14
Date: 6/24/2018 3:29:32 AM
--------------------------------------------------
count: 14
Date: 6/24/2018 3:29:32 AM
--------------------------------------------------
how many? 1
Date: 6/24/2018 3:29:32 AM
--------------------------------------------------
0
Date: 6/24/2018 3:29:32 AM
--------------------------------------------------
0
Date: 6/24/2018 3:29:32 AM
--------------------------------------------------
0
Date: 6/24/2018 3:29:32 AM
--------------------------------------------------
1
Date: 6/24/2018 3:29:32 AM
--------------------------------------------------
max: 1
Date: 6/24/2018 3:29:32 AM
--------------------------------------------------
threshold: 300000
Date: 6/24/2018 3:29:32 AM
--------------------------------------------------
item value: 5400
Date: 6/24/2018 3:29:32 AM
--------------------------------------------------
item total: 5400
Date: 6/24/2018 3:29:32 AM
--------------------------------------------------
selling: 1
Date: 6/24/2018 3:29:32 AM
--------------------------------------------------
shift held: False
ctrl held: False
ctrlshift held: False
Date: 6/24/2018 3:29:32 AM
--------------------------------------------------
raw count: 13
Date: 6/24/2018 3:29:32 AM
--------------------------------------------------
count: 13
Date: 6/24/2018 3:29:32 AM
--------------------------------------------------
how many? 1
Date: 6/24/2018 3:29:32 AM
--------------------------------------------------
0
Date: 6/24/2018 3:29:32 AM
--------------------------------------------------
0
Date: 6/24/2018 3:29:32 AM
--------------------------------------------------
0
Date: 6/24/2018 3:29:32 AM
--------------------------------------------------
1
Date: 6/24/2018 3:29:32 AM
--------------------------------------------------
max: 1
Date: 6/24/2018 3:29:32 AM
--------------------------------------------------
threshold: 300000
Date: 6/24/2018 3:29:32 AM
--------------------------------------------------
item value: 5400
Date: 6/24/2018 3:29:32 AM
--------------------------------------------------
item total: 5400
Date: 6/24/2018 3:29:32 AM
--------------------------------------------------
selling: 1
Date: 6/24/2018 3:29:32 AM
--------------------------------------------------
shift held: False
ctrl held: False
ctrlshift held: False
Date: 6/24/2018 3:29:33 AM
--------------------------------------------------
raw count: 12
Date: 6/24/2018 3:29:33 AM
--------------------------------------------------
count: 12
Date: 6/24/2018 3:29:33 AM
--------------------------------------------------
how many? 1
Date: 6/24/2018 3:29:33 AM
--------------------------------------------------
0
Date: 6/24/2018 3:29:33 AM
--------------------------------------------------
0
Date: 6/24/2018 3:29:33 AM
--------------------------------------------------
0
Date: 6/24/2018 3:29:33 AM
--------------------------------------------------
1
Date: 6/24/2018 3:29:33 AM
--------------------------------------------------
max: 1
Date: 6/24/2018 3:29:33 AM
--------------------------------------------------
threshold: 300000
Date: 6/24/2018 3:29:33 AM
--------------------------------------------------
item value: 5400
Date: 6/24/2018 3:29:33 AM
--------------------------------------------------
item total: 5400
Date: 6/24/2018 3:29:33 AM
--------------------------------------------------
selling: 1
Date: 6/24/2018 3:29:33 AM
--------------------------------------------------
shift held: False
ctrl held: False
ctrlshift held: False
Date: 6/24/2018 3:29:33 AM
--------------------------------------------------
raw count: 11
Date: 6/24/2018 3:29:33 AM
--------------------------------------------------
count: 11
Date: 6/24/2018 3:29:33 AM
--------------------------------------------------
how many? 1
Date: 6/24/2018 3:29:33 AM
--------------------------------------------------
0
Date: 6/24/2018 3:29:33 AM
--------------------------------------------------
0
Date: 6/24/2018 3:29:33 AM
--------------------------------------------------
0
Date: 6/24/2018 3:29:33 AM
--------------------------------------------------
1
Date: 6/24/2018 3:29:33 AM
--------------------------------------------------
max: 1
Date: 6/24/2018 3:29:33 AM
--------------------------------------------------
threshold: 300000
Date: 6/24/2018 3:29:33 AM
--------------------------------------------------
item value: 5400
Date: 6/24/2018 3:29:33 AM
--------------------------------------------------
item total: 5400
Date: 6/24/2018 3:29:33 AM
--------------------------------------------------
selling: 1
Date: 6/24/2018 3:29:33 AM
--------------------------------------------------
buysellbutton: False
selectedController: True
Date: 6/24/2018 3:29:35 AM
--------------------------------------------------
buysellbutton: False
selectedController: True
Date: 6/24/2018 3:29:36 AM
--------------------------------------------------
buysellbutton: False
selectedController: True
Date: 6/24/2018 3:29:37 AM
--------------------------------------------------
buysellbutton: False
selectedController: False
Date: 6/24/2018 4:13:01 AM
--------------------------------------------------
buysellbutton: False
selectedController: True
Date: 6/24/2018 4:13:03 AM
--------------------------------------------------
buysellbutton: False
selectedController: True
Date: 6/24/2018 4:13:10 AM
--------------------------------------------------
buysellbutton: False
selectedController: True
Date: 6/24/2018 4:14:04 AM
--------------------------------------------------
shift held: False
ctrl held: False
ctrlshift held: False
Date: 6/24/2018 4:14:08 AM
--------------------------------------------------
raw count: 2
Date: 6/24/2018 4:14:08 AM
--------------------------------------------------
count: 2
Date: 6/24/2018 4:14:08 AM
--------------------------------------------------
how many? 1
Date: 6/24/2018 4:14:08 AM
--------------------------------------------------
0
Date: 6/24/2018 4:14:08 AM
--------------------------------------------------
0
Date: 6/24/2018 4:14:08 AM
--------------------------------------------------
0
Date: 6/24/2018 4:14:08 AM
--------------------------------------------------
1
Date: 6/24/2018 4:14:08 AM
--------------------------------------------------
max: 1
Date: 6/24/2018 4:14:08 AM
--------------------------------------------------
threshold: 300000
Date: 6/24/2018 4:14:08 AM
--------------------------------------------------
item value: 165600
Date: 6/24/2018 4:14:08 AM
--------------------------------------------------
item total: 165600
Date: 6/24/2018 4:14:08 AM
--------------------------------------------------
selling: 1
Date: 6/24/2018 4:14:08 AM
--------------------------------------------------
shift held: False
ctrl held: False
ctrlshift held: False
Date: 6/24/2018 4:14:12 AM
--------------------------------------------------
raw count: 5
Date: 6/24/2018 4:14:12 AM
--------------------------------------------------
count: 5
Date: 6/24/2018 4:14:12 AM
--------------------------------------------------
how many? 1
Date: 6/24/2018 4:14:12 AM
--------------------------------------------------
0
Date: 6/24/2018 4:14:12 AM
--------------------------------------------------
0
Date: 6/24/2018 4:14:12 AM
--------------------------------------------------
0
Date: 6/24/2018 4:14:12 AM
--------------------------------------------------
1
Date: 6/24/2018 4:14:12 AM
--------------------------------------------------
max: 1
Date: 6/24/2018 4:14:12 AM
--------------------------------------------------
threshold: 300000
Date: 6/24/2018 4:14:12 AM
--------------------------------------------------
item value: 179999
Date: 6/24/2018 4:14:12 AM
--------------------------------------------------
item total: 179999
Date: 6/24/2018 4:14:12 AM
--------------------------------------------------
selling: 1
Date: 6/24/2018 4:14:12 AM
--------------------------------------------------
shift held: False
ctrl held: False
ctrlshift held: False
Date: 6/24/2018 4:14:13 AM
--------------------------------------------------
raw count: 4
Date: 6/24/2018 4:14:13 AM
--------------------------------------------------
count: 4
Date: 6/24/2018 4:14:13 AM
--------------------------------------------------
how many? 1
Date: 6/24/2018 4:14:13 AM
--------------------------------------------------
0
Date: 6/24/2018 4:14:13 AM
--------------------------------------------------
0
Date: 6/24/2018 4:14:13 AM
--------------------------------------------------
0
Date: 6/24/2018 4:14:13 AM
--------------------------------------------------
1
Date: 6/24/2018 4:14:13 AM
--------------------------------------------------
max: 1
Date: 6/24/2018 4:14:13 AM
--------------------------------------------------
threshold: 300000
Date: 6/24/2018 4:14:13 AM
--------------------------------------------------
item value: 179999
Date: 6/24/2018 4:14:13 AM
--------------------------------------------------
item total: 179999
Date: 6/24/2018 4:14:13 AM
--------------------------------------------------
selling: 1
Date: 6/24/2018 4:14:13 AM
--------------------------------------------------
buysellbutton: False
selectedController: False
Date: 6/24/2018 4:14:22 AM
--------------------------------------------------
Clearing Default Bindings for enter Key
Date: 6/24/2018 5:57:54 AM
--------------------------------------------------
Setting enter and others key as defaults for enter Key
Date: 6/24/2018 5:57:54 AM
--------------------------------------------------
Success setting enter and others key as defaults for enter Key
Date: 6/24/2018 5:57:54 AM
--------------------------------------------------
Clearing Default Bindings for enter Key
Date: 6/24/2018 7:28:42 AM
--------------------------------------------------
Setting enter and others key as defaults for enter Key
Date: 6/24/2018 7:28:42 AM
--------------------------------------------------
Success setting enter and others key as defaults for enter Key
Date: 6/24/2018 7:28:42 AM
--------------------------------------------------
Clearing Default Bindings for enter Key
Date: 6/24/2018 8:14:59 AM
--------------------------------------------------
Setting enter and others key as defaults for enter Key
Date: 6/24/2018 8:14:59 AM
--------------------------------------------------
Success setting enter and others key as defaults for enter Key
Date: 6/24/2018 8:14:59 AM
--------------------------------------------------
Clearing Default Bindings for enter Key
Date: 6/24/2018 10:14:05 AM
--------------------------------------------------
Setting enter and others key as defaults for enter Key
Date: 6/24/2018 10:14:05 AM
--------------------------------------------------
Success setting enter and others key as defaults for enter Key
Date: 6/24/2018 10:14:05 AM
--------------------------------------------------
Clearing Default Bindings for enter Key
Date: 6/24/2018 12:03:45 PM
--------------------------------------------------
Setting enter and others key as defaults for enter Key
Date: 6/24/2018 12:03:45 PM
--------------------------------------------------
Success setting enter and others key as defaults for enter Key
Date: 6/24/2018 12:03:45 PM
--------------------------------------------------
Clearing Default Bindings for enter Key
Date: 6/24/2018 12:13:32 PM
--------------------------------------------------
Setting enter and others key as defaults for enter Key
Date: 6/24/2018 12:13:32 PM
--------------------------------------------------
Success setting enter and others key as defaults for enter Key
Date: 6/24/2018 12:13:32 PM
--------------------------------------------------
Clearing Default Bindings for enter Key
Date: 6/25/2018 2:46:13 AM
--------------------------------------------------
Setting enter and others key as defaults for enter Key
Date: 6/25/2018 2:46:13 AM
--------------------------------------------------
Success setting enter and others key as defaults for enter Key
Date: 6/25/2018 2:46:13 AM
--------------------------------------------------
Clearing Default Bindings for enter Key
Date: 6/25/2018 3:02:57 AM
--------------------------------------------------
Setting enter and others key as defaults for enter Key
Date: 6/25/2018 3:02:57 AM
--------------------------------------------------
Success setting enter and others key as defaults for enter Key
Date: 6/25/2018 3:02:57 AM
--------------------------------------------------
Clearing Default Bindings for enter Key
Date: 6/25/2018 4:09:33 AM
--------------------------------------------------
Setting enter and others key as defaults for enter Key
Date: 6/25/2018 4:09:33 AM
--------------------------------------------------
Success setting enter and others key as defaults for enter Key
Date: 6/25/2018 4:09:33 AM
--------------------------------------------------
Clearing Default Bindings for enter Key
Date: 6/25/2018 6:03:56 AM
--------------------------------------------------
Setting enter and others key as defaults for enter Key
Date: 6/25/2018 6:03:56 AM
--------------------------------------------------
Success setting enter and others key as defaults for enter Key
Date: 6/25/2018 6:03:56 AM
--------------------------------------------------
