hit damage: 1.1

Date: 7/2/2018 11:03:33 PM
--------------------------------------------------------------------------------
hit damage: 6.6

Date: 7/2/2018 11:03:33 PM
--------------------------------------------------------------------------------
hit damage: 6.6

Date: 7/2/2018 11:03:33 PM
--------------------------------------------------------------------------------
hit damage: 6.6

Date: 7/2/2018 11:03:33 PM
--------------------------------------------------------------------------------
hit damage: 6.6

Date: 7/2/2018 11:03:33 PM
--------------------------------------------------------------------------------
hit damage: 6.6

Date: 7/2/2018 11:03:33 PM
--------------------------------------------------------------------------------
hit damage: 6.6

Date: 7/2/2018 11:03:33 PM
--------------------------------------------------------------------------------
hit damage: 6.6

Date: 7/2/2018 11:03:33 PM
--------------------------------------------------------------------------------
hit damage: 6.6

Date: 7/2/2018 11:03:33 PM
--------------------------------------------------------------------------------
hit damage: 6.6

Date: 7/2/2018 11:03:33 PM
--------------------------------------------------------------------------------
hit damage: 6.6

Date: 7/2/2018 11:03:33 PM
--------------------------------------------------------------------------------
hit damage: 6.6

Date: 7/2/2018 11:03:33 PM
--------------------------------------------------------------------------------
hit damage: 6.6

Date: 7/2/2018 11:03:33 PM
--------------------------------------------------------------------------------
hit damage: 6.6

Date: 7/2/2018 11:03:33 PM
--------------------------------------------------------------------------------
hit damage: 6.6

Date: 7/2/2018 11:03:33 PM
--------------------------------------------------------------------------------
hit damage: 1.1

Date: 7/2/2018 11:03:33 PM
--------------------------------------------------------------------------------
sequence is over: resetting!
Date: 7/2/2018 11:03:33 PM
--------------------------------------------------------------------------------
hit damage: 6

Date: 7/2/2018 11:03:45 PM
--------------------------------------------------------------------------------
hit damage: 6

Date: 7/2/2018 11:03:45 PM
--------------------------------------------------------------------------------
hit damage: 6

Date: 7/2/2018 11:03:45 PM
--------------------------------------------------------------------------------
hit damage: 6

Date: 7/2/2018 11:03:45 PM
--------------------------------------------------------------------------------
hit damage: 6

Date: 7/2/2018 11:03:45 PM
--------------------------------------------------------------------------------
hit damage: 6

Date: 7/2/2018 11:03:45 PM
--------------------------------------------------------------------------------
hit damage: 6

Date: 7/2/2018 11:03:45 PM
--------------------------------------------------------------------------------
hit damage: 6

Date: 7/2/2018 11:03:45 PM
--------------------------------------------------------------------------------
hit damage: 1

Date: 7/2/2018 11:03:46 PM
--------------------------------------------------------------------------------
sequence is over: resetting!
Date: 7/2/2018 11:03:46 PM
--------------------------------------------------------------------------------
hit damage: 1

Date: 7/2/2018 11:04:32 PM
--------------------------------------------------------------------------------
hit damage: 6

Date: 7/2/2018 11:04:33 PM
--------------------------------------------------------------------------------
hit damage: 6

Date: 7/2/2018 11:04:33 PM
--------------------------------------------------------------------------------
hit damage: 6

Date: 7/2/2018 11:04:33 PM
--------------------------------------------------------------------------------
hit damage: 6

Date: 7/2/2018 11:04:33 PM
--------------------------------------------------------------------------------
hit damage: 6

Date: 7/2/2018 11:04:33 PM
--------------------------------------------------------------------------------
hit damage: 6

Date: 7/2/2018 11:04:33 PM
--------------------------------------------------------------------------------
hit damage: 6

Date: 7/2/2018 11:04:33 PM
--------------------------------------------------------------------------------
hit damage: 1

Date: 7/2/2018 11:04:33 PM
--------------------------------------------------------------------------------
sequence is over: resetting!
Date: 7/2/2018 11:04:33 PM
--------------------------------------------------------------------------------
hit damage: 6

Date: 7/2/2018 11:04:51 PM
--------------------------------------------------------------------------------
hit damage: 6

Date: 7/2/2018 11:04:51 PM
--------------------------------------------------------------------------------
hit damage: 6

Date: 7/2/2018 11:04:51 PM
--------------------------------------------------------------------------------
hit damage: 6

Date: 7/2/2018 11:04:51 PM
--------------------------------------------------------------------------------
hit damage: 6

Date: 7/2/2018 11:04:51 PM
--------------------------------------------------------------------------------
hit damage: 1

Date: 7/2/2018 11:04:52 PM
--------------------------------------------------------------------------------
hit damage: 6

Date: 7/2/2018 11:04:52 PM
--------------------------------------------------------------------------------
hit damage: 6

Date: 7/2/2018 11:04:52 PM
--------------------------------------------------------------------------------
hit damage: 6

Date: 7/2/2018 11:04:52 PM
--------------------------------------------------------------------------------
hit damage: 6

Date: 7/2/2018 11:04:52 PM
--------------------------------------------------------------------------------
hit damage: 6

Date: 7/2/2018 11:04:52 PM
--------------------------------------------------------------------------------
hit damage: 6

Date: 7/2/2018 11:04:52 PM
--------------------------------------------------------------------------------
sequence is over: resetting!
Date: 7/2/2018 11:04:52 PM
--------------------------------------------------------------------------------
hit damage: 1

Date: 7/2/2018 11:05:04 PM
--------------------------------------------------------------------------------
hit damage: 6

Date: 7/2/2018 11:05:05 PM
--------------------------------------------------------------------------------
hit damage: 6

Date: 7/2/2018 11:05:05 PM
--------------------------------------------------------------------------------
hit damage: 6

Date: 7/2/2018 11:05:05 PM
--------------------------------------------------------------------------------
hit damage: 6

Date: 7/2/2018 11:05:05 PM
--------------------------------------------------------------------------------
hit damage: 6

Date: 7/2/2018 11:05:05 PM
--------------------------------------------------------------------------------
hit damage: 6

Date: 7/2/2018 11:05:05 PM
--------------------------------------------------------------------------------
hit damage: 6

Date: 7/2/2018 11:05:05 PM
--------------------------------------------------------------------------------
hit damage: 6

Date: 7/2/2018 11:05:05 PM
--------------------------------------------------------------------------------
hit damage: 6

Date: 7/2/2018 11:05:05 PM
--------------------------------------------------------------------------------
hit damage: 6

Date: 7/2/2018 11:05:05 PM
--------------------------------------------------------------------------------
hit damage: 6

Date: 7/2/2018 11:05:05 PM
--------------------------------------------------------------------------------
hit damage: 6

Date: 7/2/2018 11:05:05 PM
--------------------------------------------------------------------------------
hit damage: 6

Date: 7/2/2018 11:05:05 PM
--------------------------------------------------------------------------------
hit damage: 6

Date: 7/2/2018 11:05:05 PM
--------------------------------------------------------------------------------
hit damage: 6

Date: 7/2/2018 11:05:05 PM
--------------------------------------------------------------------------------
sequence is over: resetting!
Date: 7/2/2018 11:05:05 PM
--------------------------------------------------------------------------------
hit damage: 1

Date: 7/2/2018 11:05:22 PM
--------------------------------------------------------------------------------
hit damage: 6

Date: 7/2/2018 11:05:22 PM
--------------------------------------------------------------------------------
hit damage: 6

Date: 7/2/2018 11:05:22 PM
--------------------------------------------------------------------------------
hit damage: 6

Date: 7/2/2018 11:05:22 PM
--------------------------------------------------------------------------------
hit damage: 6

Date: 7/2/2018 11:05:22 PM
--------------------------------------------------------------------------------
hit damage: 6

Date: 7/2/2018 11:05:22 PM
--------------------------------------------------------------------------------
hit damage: 6

Date: 7/2/2018 11:05:23 PM
--------------------------------------------------------------------------------
hit damage: 6

Date: 7/2/2018 11:05:23 PM
--------------------------------------------------------------------------------
hit damage: 6

Date: 7/2/2018 11:05:23 PM
--------------------------------------------------------------------------------
hit damage: 6

Date: 7/2/2018 11:05:23 PM
--------------------------------------------------------------------------------
hit damage: 6

Date: 7/2/2018 11:05:23 PM
--------------------------------------------------------------------------------
hit damage: 6

Date: 7/2/2018 11:05:23 PM
--------------------------------------------------------------------------------
hit damage: 6

Date: 7/2/2018 11:05:23 PM
--------------------------------------------------------------------------------
hit damage: 6

Date: 7/2/2018 11:05:23 PM
--------------------------------------------------------------------------------
hit damage: 1

Date: 7/2/2018 11:05:23 PM
--------------------------------------------------------------------------------
sequence is over: resetting!
Date: 7/2/2018 11:05:23 PM
--------------------------------------------------------------------------------
hit damage: 1.1

Date: 7/2/2018 11:05:33 PM
--------------------------------------------------------------------------------
hit damage: 6.6

Date: 7/2/2018 11:05:34 PM
--------------------------------------------------------------------------------
hit damage: 6.6

Date: 7/2/2018 11:05:34 PM
--------------------------------------------------------------------------------
hit damage: 6.6

Date: 7/2/2018 11:05:34 PM
--------------------------------------------------------------------------------
hit damage: 6.6

Date: 7/2/2018 11:05:34 PM
--------------------------------------------------------------------------------
hit damage: 6.6

Date: 7/2/2018 11:05:34 PM
--------------------------------------------------------------------------------
hit damage: 6.6

Date: 7/2/2018 11:05:34 PM
--------------------------------------------------------------------------------
hit damage: 6.6

Date: 7/2/2018 11:05:34 PM
--------------------------------------------------------------------------------
hit damage: 6.6

Date: 7/2/2018 11:05:34 PM
--------------------------------------------------------------------------------
hit damage: 6.6

Date: 7/2/2018 11:05:34 PM
--------------------------------------------------------------------------------
hit damage: 6.6

Date: 7/2/2018 11:05:34 PM
--------------------------------------------------------------------------------
hit damage: 6.6

Date: 7/2/2018 11:05:34 PM
--------------------------------------------------------------------------------
hit damage: 6.6

Date: 7/2/2018 11:05:34 PM
--------------------------------------------------------------------------------
hit damage: 6.6

Date: 7/2/2018 11:05:34 PM
--------------------------------------------------------------------------------
hit damage: 6.6

Date: 7/2/2018 11:05:34 PM
--------------------------------------------------------------------------------
hit damage: 6.6

Date: 7/2/2018 11:05:34 PM
--------------------------------------------------------------------------------
hit damage: 6.6

Date: 7/2/2018 11:05:34 PM
--------------------------------------------------------------------------------
hit damage: 6.6

Date: 7/2/2018 11:05:34 PM
--------------------------------------------------------------------------------
hit damage: 6.6

Date: 7/2/2018 11:05:34 PM
--------------------------------------------------------------------------------
hit damage: 6.6

Date: 7/2/2018 11:05:34 PM
--------------------------------------------------------------------------------
hit damage: 6.6

Date: 7/2/2018 11:05:34 PM
--------------------------------------------------------------------------------
hit damage: 6.6

Date: 7/2/2018 11:05:34 PM
--------------------------------------------------------------------------------
hit damage: 1.1

Date: 7/2/2018 11:05:34 PM
--------------------------------------------------------------------------------
sequence is over: resetting!
Date: 7/2/2018 11:05:34 PM
--------------------------------------------------------------------------------
hit damage: 1

Date: 7/2/2018 11:06:48 PM
--------------------------------------------------------------------------------
hit damage: 6

Date: 7/2/2018 11:06:48 PM
--------------------------------------------------------------------------------
hit damage: 6

Date: 7/2/2018 11:06:48 PM
--------------------------------------------------------------------------------
hit damage: 6

Date: 7/2/2018 11:06:48 PM
--------------------------------------------------------------------------------
hit damage: 6

Date: 7/2/2018 11:06:48 PM
--------------------------------------------------------------------------------
hit damage: 6

Date: 7/2/2018 11:06:48 PM
--------------------------------------------------------------------------------
hit damage: 6

Date: 7/2/2018 11:06:48 PM
--------------------------------------------------------------------------------
hit damage: 6

Date: 7/2/2018 11:06:48 PM
--------------------------------------------------------------------------------
hit damage: 6

Date: 7/2/2018 11:06:48 PM
--------------------------------------------------------------------------------
hit damage: 1

Date: 7/2/2018 11:06:48 PM
--------------------------------------------------------------------------------
sequence is over: resetting!
Date: 7/2/2018 11:06:48 PM
--------------------------------------------------------------------------------
hit damage: 1

Date: 7/2/2018 11:06:59 PM
--------------------------------------------------------------------------------
hit damage: 6

Date: 7/2/2018 11:07:00 PM
--------------------------------------------------------------------------------
hit damage: 6

Date: 7/2/2018 11:07:00 PM
--------------------------------------------------------------------------------
hit damage: 6

Date: 7/2/2018 11:07:00 PM
--------------------------------------------------------------------------------
hit damage: 6

Date: 7/2/2018 11:07:00 PM
--------------------------------------------------------------------------------
hit damage: 6

Date: 7/2/2018 11:07:00 PM
--------------------------------------------------------------------------------
hit damage: 6

Date: 7/2/2018 11:07:00 PM
--------------------------------------------------------------------------------
hit damage: 6

Date: 7/2/2018 11:07:00 PM
--------------------------------------------------------------------------------
hit damage: 6

Date: 7/2/2018 11:07:00 PM
--------------------------------------------------------------------------------
hit damage: 6

Date: 7/2/2018 11:07:00 PM
--------------------------------------------------------------------------------
hit damage: 6

Date: 7/2/2018 11:07:00 PM
--------------------------------------------------------------------------------
hit damage: 6

Date: 7/2/2018 11:07:00 PM
--------------------------------------------------------------------------------
hit damage: 6

Date: 7/2/2018 11:07:00 PM
--------------------------------------------------------------------------------
hit damage: 6

Date: 7/2/2018 11:07:00 PM
--------------------------------------------------------------------------------
hit damage: 6

Date: 7/2/2018 11:07:00 PM
--------------------------------------------------------------------------------
hit damage: 6

Date: 7/2/2018 11:07:00 PM
--------------------------------------------------------------------------------
hit damage: 6

Date: 7/2/2018 11:07:00 PM
--------------------------------------------------------------------------------
hit damage: 6

Date: 7/2/2018 11:07:00 PM
--------------------------------------------------------------------------------
hit damage: 6

Date: 7/2/2018 11:07:00 PM
--------------------------------------------------------------------------------
hit damage: 6

Date: 7/2/2018 11:07:00 PM
--------------------------------------------------------------------------------
hit damage: 6

Date: 7/2/2018 11:07:00 PM
--------------------------------------------------------------------------------
hit damage: 6

Date: 7/2/2018 11:07:00 PM
--------------------------------------------------------------------------------
hit damage: 1

Date: 7/2/2018 11:07:00 PM
--------------------------------------------------------------------------------
sequence is over: resetting!
Date: 7/2/2018 11:07:00 PM
--------------------------------------------------------------------------------
hit damage: 6.6

Date: 7/2/2018 11:07:35 PM
--------------------------------------------------------------------------------
hit damage: 6.6

Date: 7/2/2018 11:07:35 PM
--------------------------------------------------------------------------------
hit damage: 6.6

Date: 7/2/2018 11:07:35 PM
--------------------------------------------------------------------------------
hit damage: 6.6

Date: 7/2/2018 11:07:35 PM
--------------------------------------------------------------------------------
hit damage: 6.6

Date: 7/2/2018 11:07:35 PM
--------------------------------------------------------------------------------
hit damage: 1.1

Date: 7/2/2018 11:07:35 PM
--------------------------------------------------------------------------------
hit damage: 6.6

Date: 7/2/2018 11:07:36 PM
--------------------------------------------------------------------------------
hit damage: 6.6

Date: 7/2/2018 11:07:36 PM
--------------------------------------------------------------------------------
hit damage: 6.6

Date: 7/2/2018 11:07:36 PM
--------------------------------------------------------------------------------
hit damage: 6.6

Date: 7/2/2018 11:07:36 PM
--------------------------------------------------------------------------------
hit damage: 6.6

Date: 7/2/2018 11:07:36 PM
--------------------------------------------------------------------------------
hit damage: 6.6

Date: 7/2/2018 11:07:36 PM
--------------------------------------------------------------------------------
sequence is over: resetting!
Date: 7/2/2018 11:07:36 PM
--------------------------------------------------------------------------------
hit damage: 1

Date: 7/2/2018 11:08:15 PM
--------------------------------------------------------------------------------
hit damage: 6

Date: 7/2/2018 11:08:16 PM
--------------------------------------------------------------------------------
hit damage: 6

Date: 7/2/2018 11:08:16 PM
--------------------------------------------------------------------------------
hit damage: 6

Date: 7/2/2018 11:08:16 PM
--------------------------------------------------------------------------------
hit damage: 6

Date: 7/2/2018 11:08:16 PM
--------------------------------------------------------------------------------
hit damage: 6

Date: 7/2/2018 11:08:16 PM
--------------------------------------------------------------------------------
hit damage: 6

Date: 7/2/2018 11:08:16 PM
--------------------------------------------------------------------------------
hit damage: 6

Date: 7/2/2018 11:08:16 PM
--------------------------------------------------------------------------------
hit damage: 1

Date: 7/2/2018 11:08:16 PM
--------------------------------------------------------------------------------
sequence is over: resetting!
Date: 7/2/2018 11:08:16 PM
--------------------------------------------------------------------------------
hit damage: 1

Date: 7/2/2018 11:08:28 PM
--------------------------------------------------------------------------------
hit damage: 6

Date: 7/2/2018 11:08:29 PM
--------------------------------------------------------------------------------
hit damage: 6

Date: 7/2/2018 11:08:29 PM
--------------------------------------------------------------------------------
hit damage: 6

Date: 7/2/2018 11:08:29 PM
--------------------------------------------------------------------------------
hit damage: 6

Date: 7/2/2018 11:08:29 PM
--------------------------------------------------------------------------------
hit damage: 6

Date: 7/2/2018 11:08:29 PM
--------------------------------------------------------------------------------
hit damage: 6

Date: 7/2/2018 11:08:29 PM
--------------------------------------------------------------------------------
hit damage: 6

Date: 7/2/2018 11:08:29 PM
--------------------------------------------------------------------------------
hit damage: 6

Date: 7/2/2018 11:08:29 PM
--------------------------------------------------------------------------------
hit damage: 6

Date: 7/2/2018 11:08:29 PM
--------------------------------------------------------------------------------
hit damage: 6

Date: 7/2/2018 11:08:29 PM
--------------------------------------------------------------------------------
hit damage: 1

Date: 7/2/2018 11:08:29 PM
--------------------------------------------------------------------------------
sequence is over: resetting!
Date: 7/2/2018 11:08:29 PM
--------------------------------------------------------------------------------
hit damage: 1

Date: 7/2/2018 11:08:49 PM
--------------------------------------------------------------------------------
hit damage: 6

Date: 7/2/2018 11:08:49 PM
--------------------------------------------------------------------------------
hit damage: 6

Date: 7/2/2018 11:08:49 PM
--------------------------------------------------------------------------------
hit damage: 6

Date: 7/2/2018 11:08:49 PM
--------------------------------------------------------------------------------
hit damage: 6

Date: 7/2/2018 11:08:49 PM
--------------------------------------------------------------------------------
hit damage: 6

Date: 7/2/2018 11:08:49 PM
--------------------------------------------------------------------------------
hit damage: 6

Date: 7/2/2018 11:08:49 PM
--------------------------------------------------------------------------------
hit damage: 6

Date: 7/2/2018 11:08:49 PM
--------------------------------------------------------------------------------
hit damage: 1

Date: 7/2/2018 11:08:49 PM
--------------------------------------------------------------------------------
sequence is over: resetting!
Date: 7/2/2018 11:08:49 PM
--------------------------------------------------------------------------------
hit damage: 1.1

Date: 7/2/2018 11:09:02 PM
--------------------------------------------------------------------------------
hit damage: 6.6

Date: 7/2/2018 11:09:03 PM
--------------------------------------------------------------------------------
hit damage: 6.6

Date: 7/2/2018 11:09:03 PM
--------------------------------------------------------------------------------
hit damage: 6.6

Date: 7/2/2018 11:09:03 PM
--------------------------------------------------------------------------------
hit damage: 6.6

Date: 7/2/2018 11:09:03 PM
--------------------------------------------------------------------------------
hit damage: 6.6

Date: 7/2/2018 11:09:03 PM
--------------------------------------------------------------------------------
hit damage: 6.6

Date: 7/2/2018 11:09:03 PM
--------------------------------------------------------------------------------
hit damage: 6.6

Date: 7/2/2018 11:09:03 PM
--------------------------------------------------------------------------------
hit damage: 6.6

Date: 7/2/2018 11:09:03 PM
--------------------------------------------------------------------------------
hit damage: 6.6

Date: 7/2/2018 11:09:03 PM
--------------------------------------------------------------------------------
hit damage: 6.6

Date: 7/2/2018 11:09:03 PM
--------------------------------------------------------------------------------
hit damage: 1.1

Date: 7/2/2018 11:09:03 PM
--------------------------------------------------------------------------------
sequence is over: resetting!
Date: 7/2/2018 11:09:03 PM
--------------------------------------------------------------------------------
hit damage: 1.1

Date: 7/2/2018 11:09:25 PM
--------------------------------------------------------------------------------
hit damage: 6.6

Date: 7/2/2018 11:09:25 PM
--------------------------------------------------------------------------------
hit damage: 6.6

Date: 7/2/2018 11:09:25 PM
--------------------------------------------------------------------------------
hit damage: 6.6

Date: 7/2/2018 11:09:25 PM
--------------------------------------------------------------------------------
hit damage: 6.6

Date: 7/2/2018 11:09:25 PM
--------------------------------------------------------------------------------
hit damage: 6.6

Date: 7/2/2018 11:09:25 PM
--------------------------------------------------------------------------------
hit damage: 6.6

Date: 7/2/2018 11:09:26 PM
--------------------------------------------------------------------------------
hit damage: 6.6

Date: 7/2/2018 11:09:26 PM
--------------------------------------------------------------------------------
hit damage: 6.6

Date: 7/2/2018 11:09:26 PM
--------------------------------------------------------------------------------
hit damage: 1.1

Date: 7/2/2018 11:09:26 PM
--------------------------------------------------------------------------------
sequence is over: resetting!
Date: 7/2/2018 11:09:26 PM
--------------------------------------------------------------------------------
hit damage: 1

Date: 7/2/2018 11:09:37 PM
--------------------------------------------------------------------------------
hit damage: 6

Date: 7/2/2018 11:09:37 PM
--------------------------------------------------------------------------------
hit damage: 6

Date: 7/2/2018 11:09:37 PM
--------------------------------------------------------------------------------
hit damage: 6

Date: 7/2/2018 11:09:37 PM
--------------------------------------------------------------------------------
hit damage: 6

Date: 7/2/2018 11:09:37 PM
--------------------------------------------------------------------------------
hit damage: 6

Date: 7/2/2018 11:09:37 PM
--------------------------------------------------------------------------------
hit damage: 6

Date: 7/2/2018 11:09:37 PM
--------------------------------------------------------------------------------
hit damage: 6

Date: 7/2/2018 11:09:37 PM
--------------------------------------------------------------------------------
hit damage: 6

Date: 7/2/2018 11:09:37 PM
--------------------------------------------------------------------------------
hit damage: 6

Date: 7/2/2018 11:09:37 PM
--------------------------------------------------------------------------------
hit damage: 6

Date: 7/2/2018 11:09:37 PM
--------------------------------------------------------------------------------
hit damage: 1

Date: 7/2/2018 11:09:37 PM
--------------------------------------------------------------------------------
sequence is over: resetting!
Date: 7/2/2018 11:09:37 PM
--------------------------------------------------------------------------------
hit damage: 1

Date: 7/2/2018 11:09:54 PM
--------------------------------------------------------------------------------
hit damage: 6

Date: 7/2/2018 11:09:55 PM
--------------------------------------------------------------------------------
hit damage: 6

Date: 7/2/2018 11:09:55 PM
--------------------------------------------------------------------------------
hit damage: 6

Date: 7/2/2018 11:09:55 PM
--------------------------------------------------------------------------------
hit damage: 6

Date: 7/2/2018 11:09:55 PM
--------------------------------------------------------------------------------
hit damage: 6

Date: 7/2/2018 11:09:55 PM
--------------------------------------------------------------------------------
hit damage: 6

Date: 7/2/2018 11:09:55 PM
--------------------------------------------------------------------------------
hit damage: 6

Date: 7/2/2018 11:09:55 PM
--------------------------------------------------------------------------------
hit damage: 6

Date: 7/2/2018 11:09:55 PM
--------------------------------------------------------------------------------
hit damage: 6

Date: 7/2/2018 11:09:55 PM
--------------------------------------------------------------------------------
hit damage: 1

Date: 7/2/2018 11:09:55 PM
--------------------------------------------------------------------------------
sequence is over: resetting!
Date: 7/2/2018 11:09:55 PM
--------------------------------------------------------------------------------
hit damage: 6

Date: 7/2/2018 11:10:11 PM
--------------------------------------------------------------------------------
hit damage: 6

Date: 7/2/2018 11:10:11 PM
--------------------------------------------------------------------------------
hit damage: 6

Date: 7/2/2018 11:10:11 PM
--------------------------------------------------------------------------------
hit damage: 6

Date: 7/2/2018 11:10:11 PM
--------------------------------------------------------------------------------
hit damage: 1

Date: 7/2/2018 11:10:11 PM
--------------------------------------------------------------------------------
hit damage: 6

Date: 7/2/2018 11:10:11 PM
--------------------------------------------------------------------------------
hit damage: 6

Date: 7/2/2018 11:10:11 PM
--------------------------------------------------------------------------------
hit damage: 6

Date: 7/2/2018 11:10:11 PM
--------------------------------------------------------------------------------
hit damage: 6

Date: 7/2/2018 11:10:11 PM
--------------------------------------------------------------------------------
hit damage: 6

Date: 7/2/2018 11:10:11 PM
--------------------------------------------------------------------------------
sequence is over: resetting!
Date: 7/2/2018 11:10:11 PM
--------------------------------------------------------------------------------
hit damage: 1

Date: 7/2/2018 11:11:01 PM
--------------------------------------------------------------------------------
hit damage: 6

Date: 7/2/2018 11:11:01 PM
--------------------------------------------------------------------------------
hit damage: 6

Date: 7/2/2018 11:11:01 PM
--------------------------------------------------------------------------------
hit damage: 6

Date: 7/2/2018 11:11:01 PM
--------------------------------------------------------------------------------
hit damage: 6

Date: 7/2/2018 11:11:01 PM
--------------------------------------------------------------------------------
hit damage: 6

Date: 7/2/2018 11:11:01 PM
--------------------------------------------------------------------------------
hit damage: 6

Date: 7/2/2018 11:11:01 PM
--------------------------------------------------------------------------------
hit damage: 6

Date: 7/2/2018 11:11:01 PM
--------------------------------------------------------------------------------
hit damage: 6

Date: 7/2/2018 11:11:02 PM
--------------------------------------------------------------------------------
hit damage: 6

Date: 7/2/2018 11:11:02 PM
--------------------------------------------------------------------------------
hit damage: 6

Date: 7/2/2018 11:11:02 PM
--------------------------------------------------------------------------------
hit damage: 1

Date: 7/2/2018 11:11:02 PM
--------------------------------------------------------------------------------
sequence is over: resetting!
Date: 7/2/2018 11:11:02 PM
--------------------------------------------------------------------------------
hit damage: 1

Date: 7/2/2018 11:11:14 PM
--------------------------------------------------------------------------------
hit damage: 6

Date: 7/2/2018 11:11:15 PM
--------------------------------------------------------------------------------
hit damage: 6

Date: 7/2/2018 11:11:15 PM
--------------------------------------------------------------------------------
hit damage: 6

Date: 7/2/2018 11:11:15 PM
--------------------------------------------------------------------------------
hit damage: 6

Date: 7/2/2018 11:11:15 PM
--------------------------------------------------------------------------------
hit damage: 6

Date: 7/2/2018 11:11:15 PM
--------------------------------------------------------------------------------
hit damage: 6

Date: 7/2/2018 11:11:15 PM
--------------------------------------------------------------------------------
hit damage: 6

Date: 7/2/2018 11:11:15 PM
--------------------------------------------------------------------------------
hit damage: 6

Date: 7/2/2018 11:11:15 PM
--------------------------------------------------------------------------------
hit damage: 6

Date: 7/2/2018 11:11:15 PM
--------------------------------------------------------------------------------
hit damage: 1

Date: 7/2/2018 11:11:15 PM
--------------------------------------------------------------------------------
sequence is over: resetting!
Date: 7/2/2018 11:11:15 PM
--------------------------------------------------------------------------------
hit damage: 1

Date: 7/2/2018 11:11:33 PM
--------------------------------------------------------------------------------
hit damage: 6

Date: 7/2/2018 11:11:34 PM
--------------------------------------------------------------------------------
hit damage: 6

Date: 7/2/2018 11:11:34 PM
--------------------------------------------------------------------------------
hit damage: 6

Date: 7/2/2018 11:11:34 PM
--------------------------------------------------------------------------------
hit damage: 6

Date: 7/2/2018 11:11:34 PM
--------------------------------------------------------------------------------
hit damage: 6

Date: 7/2/2018 11:11:34 PM
--------------------------------------------------------------------------------
hit damage: 6

Date: 7/2/2018 11:11:34 PM
--------------------------------------------------------------------------------
hit damage: 1

Date: 7/2/2018 11:11:34 PM
--------------------------------------------------------------------------------
sequence is over: resetting!
Date: 7/2/2018 11:11:34 PM
--------------------------------------------------------------------------------
hit damage: 1.1

Date: 7/2/2018 11:11:46 PM
--------------------------------------------------------------------------------
hit damage: 6.6

Date: 7/2/2018 11:11:47 PM
--------------------------------------------------------------------------------
hit damage: 6.6

Date: 7/2/2018 11:11:47 PM
--------------------------------------------------------------------------------
hit damage: 6.6

Date: 7/2/2018 11:11:47 PM
--------------------------------------------------------------------------------
hit damage: 6.6

Date: 7/2/2018 11:11:47 PM
--------------------------------------------------------------------------------
hit damage: 6.6

Date: 7/2/2018 11:11:47 PM
--------------------------------------------------------------------------------
hit damage: 6.6

Date: 7/2/2018 11:11:47 PM
--------------------------------------------------------------------------------
hit damage: 6.6

Date: 7/2/2018 11:11:47 PM
--------------------------------------------------------------------------------
hit damage: 6.6

Date: 7/2/2018 11:11:47 PM
--------------------------------------------------------------------------------
hit damage: 6.6

Date: 7/2/2018 11:11:47 PM
--------------------------------------------------------------------------------
hit damage: 6.6

Date: 7/2/2018 11:11:47 PM
--------------------------------------------------------------------------------
hit damage: 6.6

Date: 7/2/2018 11:11:47 PM
--------------------------------------------------------------------------------
hit damage: 6.6

Date: 7/2/2018 11:11:47 PM
--------------------------------------------------------------------------------
hit damage: 6.6

Date: 7/2/2018 11:11:47 PM
--------------------------------------------------------------------------------
hit damage: 1.1

Date: 7/2/2018 11:11:47 PM
--------------------------------------------------------------------------------
sequence is over: resetting!
Date: 7/2/2018 11:11:47 PM
--------------------------------------------------------------------------------
hit damage: 1.1

Date: 7/2/2018 11:12:06 PM
--------------------------------------------------------------------------------
hit damage: 6.6

Date: 7/2/2018 11:12:07 PM
--------------------------------------------------------------------------------
hit damage: 6.6

Date: 7/2/2018 11:12:07 PM
--------------------------------------------------------------------------------
hit damage: 6.6

Date: 7/2/2018 11:12:07 PM
--------------------------------------------------------------------------------
hit damage: 6.6

Date: 7/2/2018 11:12:07 PM
--------------------------------------------------------------------------------
hit damage: 6.6

Date: 7/2/2018 11:12:07 PM
--------------------------------------------------------------------------------
hit damage: 6.6

Date: 7/2/2018 11:12:07 PM
--------------------------------------------------------------------------------
hit damage: 6.6

Date: 7/2/2018 11:12:07 PM
--------------------------------------------------------------------------------
hit damage: 6.6

Date: 7/2/2018 11:12:07 PM
--------------------------------------------------------------------------------
hit damage: 6.6

Date: 7/2/2018 11:12:07 PM
--------------------------------------------------------------------------------
hit damage: 1.1

Date: 7/2/2018 11:12:07 PM
--------------------------------------------------------------------------------
sequence is over: resetting!
Date: 7/2/2018 11:12:07 PM
--------------------------------------------------------------------------------
hit damage: 38.63759

Date: 7/2/2018 11:12:20 PM
--------------------------------------------------------------------------------
hit damage: 38.63759

Date: 7/2/2018 11:12:20 PM
--------------------------------------------------------------------------------
sequence is over: resetting!
Date: 7/2/2018 11:12:22 PM
--------------------------------------------------------------------------------
hit damage: 1

Date: 7/2/2018 11:12:26 PM
--------------------------------------------------------------------------------
sequence is over: resetting!
Date: 7/2/2018 11:12:26 PM
--------------------------------------------------------------------------------
hit damage: 1

Date: 7/2/2018 11:12:43 PM
--------------------------------------------------------------------------------
hit damage: 6

Date: 7/2/2018 11:12:43 PM
--------------------------------------------------------------------------------
hit damage: 6

Date: 7/2/2018 11:12:43 PM
--------------------------------------------------------------------------------
hit damage: 6

Date: 7/2/2018 11:12:43 PM
--------------------------------------------------------------------------------
hit damage: 6

Date: 7/2/2018 11:12:43 PM
--------------------------------------------------------------------------------
hit damage: 6

Date: 7/2/2018 11:12:44 PM
--------------------------------------------------------------------------------
hit damage: 6

Date: 7/2/2018 11:12:44 PM
--------------------------------------------------------------------------------
hit damage: 6

Date: 7/2/2018 11:12:44 PM
--------------------------------------------------------------------------------
sequence is over: resetting!
Date: 7/2/2018 11:12:44 PM
--------------------------------------------------------------------------------
hit damage: 33.5979

Date: 7/2/2018 11:13:01 PM
--------------------------------------------------------------------------------
hit damage: 33.5979

Date: 7/2/2018 11:13:01 PM
--------------------------------------------------------------------------------
sequence is over: resetting!
Date: 7/2/2018 11:13:03 PM
--------------------------------------------------------------------------------
hit damage: 1

Date: 7/2/2018 11:13:06 PM
--------------------------------------------------------------------------------
sequence is over: resetting!
Date: 7/2/2018 11:13:06 PM
--------------------------------------------------------------------------------
hit damage: 1

Date: 7/2/2018 11:13:29 PM
--------------------------------------------------------------------------------
hit damage: 6

Date: 7/2/2018 11:13:30 PM
--------------------------------------------------------------------------------
hit damage: 6

Date: 7/2/2018 11:13:30 PM
--------------------------------------------------------------------------------
hit damage: 6

Date: 7/2/2018 11:13:30 PM
--------------------------------------------------------------------------------
hit damage: 6

Date: 7/2/2018 11:13:30 PM
--------------------------------------------------------------------------------
hit damage: 6

Date: 7/2/2018 11:13:30 PM
--------------------------------------------------------------------------------
hit damage: 6

Date: 7/2/2018 11:13:30 PM
--------------------------------------------------------------------------------
hit damage: 6

Date: 7/2/2018 11:13:30 PM
--------------------------------------------------------------------------------
hit damage: 1

Date: 7/2/2018 11:13:30 PM
--------------------------------------------------------------------------------
sequence is over: resetting!
Date: 7/2/2018 11:13:30 PM
--------------------------------------------------------------------------------
hit damage: 38.63759

Date: 7/2/2018 11:13:43 PM
--------------------------------------------------------------------------------
hit damage: 38.63759

Date: 7/2/2018 11:13:43 PM
--------------------------------------------------------------------------------
sequence is over: resetting!
Date: 7/2/2018 11:13:45 PM
--------------------------------------------------------------------------------
hit damage: 1

Date: 7/2/2018 11:13:48 PM
--------------------------------------------------------------------------------
sequence is over: resetting!
Date: 7/2/2018 11:13:48 PM
--------------------------------------------------------------------------------
hit damage: 1

Date: 7/2/2018 11:14:27 PM
--------------------------------------------------------------------------------
hit damage: 6

Date: 7/2/2018 11:14:27 PM
--------------------------------------------------------------------------------
hit damage: 6

Date: 7/2/2018 11:14:27 PM
--------------------------------------------------------------------------------
hit damage: 6

Date: 7/2/2018 11:14:27 PM
--------------------------------------------------------------------------------
hit damage: 6

Date: 7/2/2018 11:14:28 PM
--------------------------------------------------------------------------------
hit damage: 1

Date: 7/2/2018 11:14:28 PM
--------------------------------------------------------------------------------
sequence is over: resetting!
Date: 7/2/2018 11:14:28 PM
--------------------------------------------------------------------------------
hit damage: 38.63759

Date: 7/2/2018 11:14:39 PM
--------------------------------------------------------------------------------
hit damage: 38.63759

Date: 7/2/2018 11:14:39 PM
--------------------------------------------------------------------------------
sequence is over: resetting!
Date: 7/2/2018 11:14:41 PM
--------------------------------------------------------------------------------
hit damage: 1

Date: 7/2/2018 11:14:44 PM
--------------------------------------------------------------------------------
sequence is over: resetting!
Date: 7/2/2018 11:14:44 PM
--------------------------------------------------------------------------------
hit damage: 1

Date: 7/2/2018 11:15:12 PM
--------------------------------------------------------------------------------
hit damage: 6

Date: 7/2/2018 11:15:12 PM
--------------------------------------------------------------------------------
hit damage: 6

Date: 7/2/2018 11:15:12 PM
--------------------------------------------------------------------------------
hit damage: 6

Date: 7/2/2018 11:15:12 PM
--------------------------------------------------------------------------------
hit damage: 6

Date: 7/2/2018 11:15:12 PM
--------------------------------------------------------------------------------
hit damage: 6

Date: 7/2/2018 11:15:12 PM
--------------------------------------------------------------------------------
hit damage: 6

Date: 7/2/2018 11:15:12 PM
--------------------------------------------------------------------------------
hit damage: 6

Date: 7/2/2018 11:15:13 PM
--------------------------------------------------------------------------------
hit damage: 6

Date: 7/2/2018 11:15:13 PM
--------------------------------------------------------------------------------
hit damage: 6

Date: 7/2/2018 11:15:13 PM
--------------------------------------------------------------------------------
hit damage: 6

Date: 7/2/2018 11:15:13 PM
--------------------------------------------------------------------------------
hit damage: 6

Date: 7/2/2018 11:15:13 PM
--------------------------------------------------------------------------------
hit damage: 1

Date: 7/2/2018 11:15:13 PM
--------------------------------------------------------------------------------
sequence is over: resetting!
Date: 7/2/2018 11:15:13 PM
--------------------------------------------------------------------------------
hit damage: 1.1

Date: 7/2/2018 11:15:24 PM
--------------------------------------------------------------------------------
hit damage: 6.6

Date: 7/2/2018 11:15:25 PM
--------------------------------------------------------------------------------
hit damage: 6.6

Date: 7/2/2018 11:15:25 PM
--------------------------------------------------------------------------------
hit damage: 6.6

Date: 7/2/2018 11:15:25 PM
--------------------------------------------------------------------------------
hit damage: 6.6

Date: 7/2/2018 11:15:25 PM
--------------------------------------------------------------------------------
hit damage: 6.6

Date: 7/2/2018 11:15:25 PM
--------------------------------------------------------------------------------
hit damage: 6.6

Date: 7/2/2018 11:15:25 PM
--------------------------------------------------------------------------------
hit damage: 6.6

Date: 7/2/2018 11:15:25 PM
--------------------------------------------------------------------------------
hit damage: 6.6

Date: 7/2/2018 11:15:25 PM
--------------------------------------------------------------------------------
hit damage: 6.6

Date: 7/2/2018 11:15:25 PM
--------------------------------------------------------------------------------
hit damage: 6.6

Date: 7/2/2018 11:15:25 PM
--------------------------------------------------------------------------------
hit damage: 6.6

Date: 7/2/2018 11:15:25 PM
--------------------------------------------------------------------------------
hit damage: 6.6

Date: 7/2/2018 11:15:25 PM
--------------------------------------------------------------------------------
hit damage: 6.6

Date: 7/2/2018 11:15:25 PM
--------------------------------------------------------------------------------
hit damage: 6.6

Date: 7/2/2018 11:15:25 PM
--------------------------------------------------------------------------------
hit damage: 6.6

Date: 7/2/2018 11:15:25 PM
--------------------------------------------------------------------------------
hit damage: 6.6

Date: 7/2/2018 11:15:25 PM
--------------------------------------------------------------------------------
hit damage: 6.6

Date: 7/2/2018 11:15:25 PM
--------------------------------------------------------------------------------
hit damage: 6.6

Date: 7/2/2018 11:15:25 PM
--------------------------------------------------------------------------------
hit damage: 6.6

Date: 7/2/2018 11:15:25 PM
--------------------------------------------------------------------------------
hit damage: 6.6

Date: 7/2/2018 11:15:25 PM
--------------------------------------------------------------------------------
hit damage: 6.6

Date: 7/2/2018 11:15:25 PM
--------------------------------------------------------------------------------
hit damage: 1.1

Date: 7/2/2018 11:15:25 PM
--------------------------------------------------------------------------------
sequence is over: resetting!
Date: 7/2/2018 11:15:25 PM
--------------------------------------------------------------------------------
hit damage: 1.1

Date: 7/2/2018 11:15:48 PM
--------------------------------------------------------------------------------
hit damage: 6.6

Date: 7/2/2018 11:15:48 PM
--------------------------------------------------------------------------------
hit damage: 6.6

Date: 7/2/2018 11:15:48 PM
--------------------------------------------------------------------------------
hit damage: 6.6

Date: 7/2/2018 11:15:48 PM
--------------------------------------------------------------------------------
hit damage: 6.6

Date: 7/2/2018 11:15:48 PM
--------------------------------------------------------------------------------
hit damage: 6.6

Date: 7/2/2018 11:15:48 PM
--------------------------------------------------------------------------------
hit damage: 1

Date: 7/2/2018 11:28:46 PM
--------------------------------------------------------------------------------
hit damage: 6

Date: 7/2/2018 11:28:47 PM
--------------------------------------------------------------------------------
hit damage: 6

Date: 7/2/2018 11:28:47 PM
--------------------------------------------------------------------------------
hit damage: 6

Date: 7/2/2018 11:28:47 PM
--------------------------------------------------------------------------------
hit damage: 6

Date: 7/2/2018 11:28:47 PM
--------------------------------------------------------------------------------
hit damage: 6

Date: 7/2/2018 11:28:47 PM
--------------------------------------------------------------------------------
hit damage: 6

Date: 7/2/2018 11:28:47 PM
--------------------------------------------------------------------------------
hit damage: 6

Date: 7/2/2018 11:28:47 PM
--------------------------------------------------------------------------------
hit damage: 6

Date: 7/2/2018 11:28:47 PM
--------------------------------------------------------------------------------
sequence is over: resetting!
Date: 7/2/2018 11:28:47 PM
--------------------------------------------------------------------------------
hit damage: 1

Date: 7/2/2018 11:28:59 PM
--------------------------------------------------------------------------------
hit damage: 6

Date: 7/2/2018 11:28:59 PM
--------------------------------------------------------------------------------
hit damage: 6

Date: 7/2/2018 11:28:59 PM
--------------------------------------------------------------------------------
hit damage: 6

Date: 7/2/2018 11:28:59 PM
--------------------------------------------------------------------------------
hit damage: 6

Date: 7/2/2018 11:28:59 PM
--------------------------------------------------------------------------------
hit damage: 6

Date: 7/2/2018 11:28:59 PM
--------------------------------------------------------------------------------
hit damage: 6

Date: 7/2/2018 11:28:59 PM
--------------------------------------------------------------------------------
hit damage: 6

Date: 7/2/2018 11:28:59 PM
--------------------------------------------------------------------------------
hit damage: 6

Date: 7/2/2018 11:28:59 PM
--------------------------------------------------------------------------------
hit damage: 6

Date: 7/2/2018 11:28:59 PM
--------------------------------------------------------------------------------
hit damage: 6

Date: 7/2/2018 11:28:59 PM
--------------------------------------------------------------------------------
hit damage: 1

Date: 7/2/2018 11:28:59 PM
--------------------------------------------------------------------------------
sequence is over: resetting!
Date: 7/2/2018 11:28:59 PM
--------------------------------------------------------------------------------
hit damage: 1

Date: 7/2/2018 11:29:58 PM
--------------------------------------------------------------------------------
hit damage: 6

Date: 7/2/2018 11:29:59 PM
--------------------------------------------------------------------------------
hit damage: 6

Date: 7/2/2018 11:29:59 PM
--------------------------------------------------------------------------------
hit damage: 6

Date: 7/2/2018 11:29:59 PM
--------------------------------------------------------------------------------
hit damage: 6

Date: 7/2/2018 11:29:59 PM
--------------------------------------------------------------------------------
hit damage: 6

Date: 7/2/2018 11:29:59 PM
--------------------------------------------------------------------------------
hit damage: 6

Date: 7/2/2018 11:29:59 PM
--------------------------------------------------------------------------------
hit damage: 6

Date: 7/2/2018 11:29:59 PM
--------------------------------------------------------------------------------
hit damage: 6

Date: 7/2/2018 11:29:59 PM
--------------------------------------------------------------------------------
sequence is over: resetting!
Date: 7/2/2018 11:29:59 PM
--------------------------------------------------------------------------------
hit damage: 1.1

Date: 7/2/2018 11:30:11 PM
--------------------------------------------------------------------------------
hit damage: 6.6

Date: 7/2/2018 11:30:11 PM
--------------------------------------------------------------------------------
hit damage: 6.6

Date: 7/2/2018 11:30:11 PM
--------------------------------------------------------------------------------
hit damage: 6.6

Date: 7/2/2018 11:30:11 PM
--------------------------------------------------------------------------------
hit damage: 6.6

Date: 7/2/2018 11:30:11 PM
--------------------------------------------------------------------------------
hit damage: 6.6

Date: 7/2/2018 11:30:11 PM
--------------------------------------------------------------------------------
hit damage: 6.6

Date: 7/2/2018 11:30:11 PM
--------------------------------------------------------------------------------
hit damage: 6.6

Date: 7/2/2018 11:30:11 PM
--------------------------------------------------------------------------------
hit damage: 6.6

Date: 7/2/2018 11:30:11 PM
--------------------------------------------------------------------------------
hit damage: 6.6

Date: 7/2/2018 11:30:11 PM
--------------------------------------------------------------------------------
hit damage: 1.1

Date: 7/2/2018 11:30:11 PM
--------------------------------------------------------------------------------
sequence is over: resetting!
Date: 7/2/2018 11:30:11 PM
--------------------------------------------------------------------------------
hit damage: 1.1

Date: 7/2/2018 11:30:33 PM
--------------------------------------------------------------------------------
hit damage: 6.6

Date: 7/2/2018 11:30:33 PM
--------------------------------------------------------------------------------
hit damage: 6.6

Date: 7/2/2018 11:30:33 PM
--------------------------------------------------------------------------------
hit damage: 6.6

Date: 7/2/2018 11:30:33 PM
--------------------------------------------------------------------------------
hit damage: 6.6

Date: 7/2/2018 11:30:33 PM
--------------------------------------------------------------------------------
hit damage: 6.6

Date: 7/2/2018 11:30:33 PM
--------------------------------------------------------------------------------
hit damage: 6.6

Date: 7/2/2018 11:30:33 PM
--------------------------------------------------------------------------------
hit damage: 6.6

Date: 7/2/2018 11:30:33 PM
--------------------------------------------------------------------------------
hit damage: 6.6

Date: 7/2/2018 11:30:33 PM
--------------------------------------------------------------------------------
hit damage: 6.6

Date: 7/2/2018 11:30:33 PM
--------------------------------------------------------------------------------
hit damage: 1.1

Date: 7/2/2018 11:30:33 PM
--------------------------------------------------------------------------------
sequence is over: resetting!
Date: 7/2/2018 11:30:33 PM
--------------------------------------------------------------------------------
hit damage: 1

Date: 7/2/2018 11:30:44 PM
--------------------------------------------------------------------------------
hit damage: 6

Date: 7/2/2018 11:30:44 PM
--------------------------------------------------------------------------------
hit damage: 6

Date: 7/2/2018 11:30:44 PM
--------------------------------------------------------------------------------
hit damage: 6

Date: 7/2/2018 11:30:44 PM
--------------------------------------------------------------------------------
hit damage: 6

Date: 7/2/2018 11:30:44 PM
--------------------------------------------------------------------------------
hit damage: 6

Date: 7/2/2018 11:30:44 PM
--------------------------------------------------------------------------------
hit damage: 6

Date: 7/2/2018 11:30:44 PM
--------------------------------------------------------------------------------
hit damage: 6

Date: 7/2/2018 11:30:44 PM
--------------------------------------------------------------------------------
hit damage: 6

Date: 7/2/2018 11:30:44 PM
--------------------------------------------------------------------------------
hit damage: 1

Date: 7/2/2018 11:30:44 PM
--------------------------------------------------------------------------------
sequence is over: resetting!
Date: 7/2/2018 11:30:44 PM
--------------------------------------------------------------------------------
hit damage: 6

Date: 7/2/2018 11:31:49 PM
--------------------------------------------------------------------------------
hit damage: 6

Date: 7/2/2018 11:31:49 PM
--------------------------------------------------------------------------------
hit damage: 6

Date: 7/2/2018 11:31:49 PM
--------------------------------------------------------------------------------
hit damage: 6

Date: 7/2/2018 11:31:49 PM
--------------------------------------------------------------------------------
hit damage: 1

Date: 7/2/2018 11:31:49 PM
--------------------------------------------------------------------------------
hit damage: 6

Date: 7/2/2018 11:31:50 PM
--------------------------------------------------------------------------------
hit damage: 6

Date: 7/2/2018 11:31:50 PM
--------------------------------------------------------------------------------
hit damage: 6

Date: 7/2/2018 11:31:50 PM
--------------------------------------------------------------------------------
hit damage: 6

Date: 7/2/2018 11:31:50 PM
--------------------------------------------------------------------------------
hit damage: 1

Date: 7/2/2018 11:31:50 PM
--------------------------------------------------------------------------------
sequence is over: resetting!
Date: 7/2/2018 11:31:50 PM
--------------------------------------------------------------------------------
hit damage: 1

Date: 7/2/2018 11:32:05 PM
--------------------------------------------------------------------------------
hit damage: 6

Date: 7/2/2018 11:32:05 PM
--------------------------------------------------------------------------------
hit damage: 6

Date: 7/2/2018 11:32:05 PM
--------------------------------------------------------------------------------
hit damage: 6

Date: 7/2/2018 11:32:05 PM
--------------------------------------------------------------------------------
hit damage: 6

Date: 7/2/2018 11:32:05 PM
--------------------------------------------------------------------------------
hit damage: 6

Date: 7/2/2018 11:32:05 PM
--------------------------------------------------------------------------------
hit damage: 6

Date: 7/2/2018 11:32:05 PM
--------------------------------------------------------------------------------
hit damage: 6

Date: 7/2/2018 11:32:05 PM
--------------------------------------------------------------------------------
hit damage: 1

Date: 7/2/2018 11:32:05 PM
--------------------------------------------------------------------------------
sequence is over: resetting!
Date: 7/2/2018 11:32:05 PM
--------------------------------------------------------------------------------
hit damage: 1

Date: 7/2/2018 11:32:24 PM
--------------------------------------------------------------------------------
hit damage: 6

Date: 7/2/2018 11:32:25 PM
--------------------------------------------------------------------------------
hit damage: 6

Date: 7/2/2018 11:32:25 PM
--------------------------------------------------------------------------------
hit damage: 6

Date: 7/2/2018 11:32:25 PM
--------------------------------------------------------------------------------
hit damage: 6

Date: 7/2/2018 11:32:25 PM
--------------------------------------------------------------------------------
hit damage: 6

Date: 7/2/2018 11:32:25 PM
--------------------------------------------------------------------------------
hit damage: 6

Date: 7/2/2018 11:32:25 PM
--------------------------------------------------------------------------------
hit damage: 6

Date: 7/2/2018 11:32:25 PM
--------------------------------------------------------------------------------
hit damage: 1

Date: 7/2/2018 11:32:25 PM
--------------------------------------------------------------------------------
sequence is over: resetting!
Date: 7/2/2018 11:32:25 PM
--------------------------------------------------------------------------------
